0 verbose cli C:\Program Files\nodejs\node.exe C:\Program Files\nodejs\node_modules\npm\bin\npm-cli.js
1 info using npm@10.9.2
2 info using node@v22.17.0
3 silly config load:file:C:\Program Files\nodejs\node_modules\npm\npmrc
4 silly config load:file:C:\Users\kolag\Downloads\wall-frame-full-project\frontend\.npmrc
5 silly config load:file:C:\Users\kolag\.npmrc
6 silly config load:file:C:\Users\kolag\AppData\Roaming\npm\etc\npmrc
7 verbose title npm install
8 verbose argv "install"
9 verbose logfile logs-max:10 dir:C:\Users\kolag\Downloads\wall-frame-full-project\frontend\.npm-cache\_logs\2025-08-05T13_26_11_694Z-
10 verbose logfile C:\Users\kolag\Downloads\wall-frame-full-project\frontend\.npm-cache\_logs\2025-08-05T13_26_11_694Z-debug-0.log
11 silly logfile start cleaning logs, removing 1 files
12 silly logfile done cleaning log files
13 silly packumentCache heap:2197815296 maxSize:549453824 maxEntrySize:274726912
14 silly idealTree buildDeps
15 silly fetch manifest webpack-dev-server@^5.2.0
16 silly packumentCache full:https://registry.npmjs.org/webpack-dev-server cache-miss
17 verbose shrinkwrap failed to load node_modules/.package-lock.json out of date, updated: node_modules
18 http fetch GET 200 https://registry.npmjs.org/webpack-dev-server 927ms (cache miss)
19 silly packumentCache full:https://registry.npmjs.org/webpack-dev-server set size:undefined disposed:false
20 silly fetch manifest webpack@>=4.43.0 <6.0.0
21 silly packumentCache full:https://registry.npmjs.org/webpack cache-miss
22 http fetch GET 200 https://registry.npmjs.org/webpack 132ms (cache miss)
23 silly packumentCache full:https://registry.npmjs.org/webpack set size:undefined disposed:false
24 silly placeDep ROOT webpack-dev-server@5.2.2 REPLACE for: @pmmmwh/react-refresh-webpack-plugin@0.5.17 want: ^5.2.0
25 silly fetch manifest @types/express-serve-static-core@^4.17.21
26 silly packumentCache full:https://registry.npmjs.org/@types%2fexpress-serve-static-core cache-miss
27 silly fetch manifest colorette@^2.0.10
28 silly packumentCache full:https://registry.npmjs.org/colorette cache-miss
29 silly fetch manifest open@^10.0.3
30 silly packumentCache full:https://registry.npmjs.org/open cache-miss
31 silly fetch manifest p-retry@^6.2.0
32 silly packumentCache full:https://registry.npmjs.org/p-retry cache-miss
33 silly fetch manifest webpack-dev-middleware@^7.4.2
34 silly packumentCache full:https://registry.npmjs.org/webpack-dev-middleware cache-miss
35 http fetch GET 200 https://registry.npmjs.org/@types%2fexpress-serve-static-core 104ms (cache miss)
36 silly packumentCache full:https://registry.npmjs.org/@types%2fexpress-serve-static-core set size:undefined disposed:false
37 http fetch GET 200 https://registry.npmjs.org/webpack-dev-middleware 192ms (cache miss)
38 silly packumentCache full:https://registry.npmjs.org/webpack-dev-middleware set size:undefined disposed:false
39 http fetch GET 200 https://registry.npmjs.org/colorette 197ms (cache miss)
40 silly packumentCache full:https://registry.npmjs.org/colorette set size:undefined disposed:false
41 http fetch GET 200 https://registry.npmjs.org/open 210ms (cache miss)
42 silly packumentCache full:https://registry.npmjs.org/open set size:undefined disposed:false
43 http fetch GET 200 https://registry.npmjs.org/p-retry 214ms (cache miss)
44 silly packumentCache full:https://registry.npmjs.org/p-retry set size:undefined disposed:false
45 silly fetch manifest postcss@^8.4.31
46 silly packumentCache full:https://registry.npmjs.org/postcss cache-miss
47 http fetch GET 200 https://registry.npmjs.org/postcss 110ms (cache miss)
48 silly packumentCache full:https://registry.npmjs.org/postcss set size:undefined disposed:false
49 silly placeDep ROOT postcss@8.5.6 KEEP for: resolve-url-loader@4.0.0 want: ^8.4.31
50 silly fetch manifest webpack@^5.0.0
51 silly packumentCache full:https://registry.npmjs.org/webpack cache-miss
52 http cache https://registry.npmjs.org/webpack 19ms (cache hit)
53 silly packumentCache full:https://registry.npmjs.org/webpack set size:4854906 disposed:false
54 silly placeDep node_modules/webpack-dev-server @types/express-serve-static-core@4.19.6 OK for: webpack-dev-server@5.2.2 want: ^4.17.21
55 silly placeDep ROOT colorette@2.0.20 OK for: webpack-dev-server@5.2.2 want: ^2.0.10
56 silly placeDep node_modules/webpack-dev-server open@10.2.0 OK for: webpack-dev-server@5.2.2 want: ^10.0.3
57 silly placeDep ROOT p-retry@6.2.1 OK for: webpack-dev-server@5.2.2 want: ^6.2.0
58 silly placeDep ROOT webpack-dev-middleware@7.4.2 OK for: webpack-dev-server@5.2.2 want: ^7.4.2
59 silly fetch manifest default-browser@^5.2.1
60 silly packumentCache full:https://registry.npmjs.org/default-browser cache-miss
61 silly fetch manifest define-lazy-prop@^3.0.0
62 silly packumentCache full:https://registry.npmjs.org/define-lazy-prop cache-miss
63 silly fetch manifest is-inside-container@^1.0.0
64 silly packumentCache full:https://registry.npmjs.org/is-inside-container cache-miss
65 silly fetch manifest wsl-utils@^0.1.0
66 silly packumentCache full:https://registry.npmjs.org/wsl-utils cache-miss
67 silly fetch manifest retry@^0.13.1
68 silly packumentCache full:https://registry.npmjs.org/retry cache-miss
69 silly fetch manifest @types/retry@0.12.2
70 silly packumentCache full:https://registry.npmjs.org/@types%2fretry cache-miss
71 silly fetch manifest is-network-error@^1.0.0
72 silly packumentCache full:https://registry.npmjs.org/is-network-error cache-miss
73 http fetch GET 200 https://registry.npmjs.org/define-lazy-prop 68ms (cache miss)
74 silly packumentCache full:https://registry.npmjs.org/define-lazy-prop set size:undefined disposed:false
75 silly fetch manifest memfs@^4.6.0
76 silly packumentCache full:https://registry.npmjs.org/memfs cache-miss
77 http fetch GET 200 https://registry.npmjs.org/retry 74ms (cache miss)
78 silly packumentCache full:https://registry.npmjs.org/retry set size:undefined disposed:false
79 http fetch GET 200 https://registry.npmjs.org/is-inside-container 75ms (cache miss)
80 silly packumentCache full:https://registry.npmjs.org/is-inside-container set size:undefined disposed:false
81 http fetch GET 200 https://registry.npmjs.org/default-browser 77ms (cache miss)
82 silly packumentCache full:https://registry.npmjs.org/default-browser set size:undefined disposed:false
83 http fetch GET 200 https://registry.npmjs.org/is-network-error 120ms (cache miss)
84 silly packumentCache full:https://registry.npmjs.org/is-network-error set size:undefined disposed:false
85 http fetch GET 200 https://registry.npmjs.org/@types%2fretry 130ms (cache miss)
86 silly packumentCache full:https://registry.npmjs.org/@types%2fretry set size:undefined disposed:false
87 http fetch GET 200 https://registry.npmjs.org/memfs 86ms (cache miss)
88 silly packumentCache full:https://registry.npmjs.org/memfs set size:undefined disposed:false
89 http fetch GET 200 https://registry.npmjs.org/wsl-utils 864ms (cache miss)
90 silly packumentCache full:https://registry.npmjs.org/wsl-utils set size:undefined disposed:false
91 silly placeDep ROOT @types/retry@0.12.2 OK for: p-retry@6.2.1 want: 0.12.2
92 silly placeDep ROOT is-network-error@1.1.0 OK for: p-retry@6.2.1 want: ^1.0.0
93 silly placeDep ROOT retry@0.13.1 OK for: p-retry@6.2.1 want: ^0.13.1
94 silly placeDep node_modules/webpack-dev-middleware memfs@4.36.0 OK for: webpack-dev-middleware@7.4.2 want: ^4.6.0
95 silly fetch manifest @jsonjoy.com/json-pack@^1.0.3
96 silly packumentCache full:https://registry.npmjs.org/@jsonjoy.com%2fjson-pack cache-miss
97 silly fetch manifest @jsonjoy.com/util@^1.3.0
98 silly packumentCache full:https://registry.npmjs.org/@jsonjoy.com%2futil cache-miss
99 silly fetch manifest tree-dump@^1.0.1
100 silly packumentCache full:https://registry.npmjs.org/tree-dump cache-miss
101 http fetch GET 200 https://registry.npmjs.org/@jsonjoy.com%2futil 163ms (cache miss)
102 silly packumentCache full:https://registry.npmjs.org/@jsonjoy.com%2futil set size:undefined disposed:false
103 http fetch GET 200 https://registry.npmjs.org/tree-dump 164ms (cache miss)
104 silly packumentCache full:https://registry.npmjs.org/tree-dump set size:undefined disposed:false
105 http fetch GET 200 https://registry.npmjs.org/@jsonjoy.com%2fjson-pack 180ms (cache miss)
106 silly packumentCache full:https://registry.npmjs.org/@jsonjoy.com%2fjson-pack set size:undefined disposed:false
107 silly fetch manifest tslib@^2.0.0
108 silly packumentCache full:https://registry.npmjs.org/tslib cache-miss
109 http fetch GET 200 https://registry.npmjs.org/tslib 47ms (cache miss)
110 silly packumentCache full:https://registry.npmjs.org/tslib set size:undefined disposed:false
111 silly placeDep ROOT @jsonjoy.com/json-pack@1.8.0 OK for: memfs@4.36.0 want: ^1.0.3
112 silly placeDep ROOT @jsonjoy.com/util@1.9.0 OK for: memfs@4.36.0 want: ^1.3.0
113 silly placeDep ROOT tree-dump@1.0.3 OK for: memfs@4.36.0 want: ^1.0.1
114 silly fetch manifest @jsonjoy.com/base64@^1.1.1
115 silly packumentCache full:https://registry.npmjs.org/@jsonjoy.com%2fbase64 cache-miss
116 silly fetch manifest @jsonjoy.com/json-pointer@^1.0.1
117 silly packumentCache full:https://registry.npmjs.org/@jsonjoy.com%2fjson-pointer cache-miss
118 silly fetch manifest @jsonjoy.com/util@^1.1.2
119 silly packumentCache full:https://registry.npmjs.org/@jsonjoy.com%2futil cache-miss
120 silly fetch manifest hyperdyperid@^1.2.0
121 silly packumentCache full:https://registry.npmjs.org/hyperdyperid cache-miss
122 silly fetch manifest thingies@^1.20.0
123 silly packumentCache full:https://registry.npmjs.org/thingies cache-miss
124 silly fetch manifest @jsonjoy.com/buffers@^1.0.0
125 silly packumentCache full:https://registry.npmjs.org/@jsonjoy.com%2fbuffers cache-miss
126 silly fetch manifest @jsonjoy.com/codegen@^1.0.0
127 silly packumentCache full:https://registry.npmjs.org/@jsonjoy.com%2fcodegen cache-miss
128 http cache https://registry.npmjs.org/@jsonjoy.com%2futil 10ms (cache hit)
129 silly packumentCache full:https://registry.npmjs.org/@jsonjoy.com%2futil set size:49602 disposed:false
130 http fetch GET 200 https://registry.npmjs.org/@jsonjoy.com%2fbase64 65ms (cache miss)
131 silly packumentCache full:https://registry.npmjs.org/@jsonjoy.com%2fbase64 set size:undefined disposed:false
132 http fetch GET 200 https://registry.npmjs.org/hyperdyperid 65ms (cache miss)
133 silly packumentCache full:https://registry.npmjs.org/hyperdyperid set size:undefined disposed:false
134 http fetch GET 200 https://registry.npmjs.org/thingies 65ms (cache miss)
135 silly packumentCache full:https://registry.npmjs.org/thingies set size:undefined disposed:false
136 http fetch GET 200 https://registry.npmjs.org/@jsonjoy.com%2fjson-pointer 119ms (cache miss)
137 silly packumentCache full:https://registry.npmjs.org/@jsonjoy.com%2fjson-pointer set size:undefined disposed:false
138 http fetch GET 200 https://registry.npmjs.org/@jsonjoy.com%2fcodegen 286ms (cache miss)
139 silly packumentCache full:https://registry.npmjs.org/@jsonjoy.com%2fcodegen set size:undefined disposed:false
140 http fetch GET 200 https://registry.npmjs.org/@jsonjoy.com%2fbuffers 299ms (cache miss)
141 silly packumentCache full:https://registry.npmjs.org/@jsonjoy.com%2fbuffers set size:undefined disposed:false
142 silly fetch manifest tslib@2
143 silly packumentCache full:https://registry.npmjs.org/tslib cache-miss
144 http cache https://registry.npmjs.org/tslib 5ms (cache hit)
145 silly packumentCache full:https://registry.npmjs.org/tslib set size:108820 disposed:false
146 silly placeDep ROOT @jsonjoy.com/base64@1.1.2 OK for: @jsonjoy.com/json-pack@1.8.0 want: ^1.1.1
147 silly placeDep ROOT @jsonjoy.com/json-pointer@1.0.1 OK for: @jsonjoy.com/json-pack@1.8.0 want: ^1.0.1
148 silly placeDep ROOT hyperdyperid@1.2.0 OK for: @jsonjoy.com/json-pack@1.8.0 want: ^1.2.0
149 silly placeDep ROOT thingies@1.21.0 OK for: @jsonjoy.com/json-pack@1.8.0 want: ^1.20.0
150 silly placeDep ROOT @jsonjoy.com/buffers@1.0.0 OK for: @jsonjoy.com/util@1.9.0 want: ^1.0.0
151 silly placeDep ROOT @jsonjoy.com/codegen@1.0.0 OK for: @jsonjoy.com/util@1.9.0 want: ^1.0.0
152 silly placeDep ROOT default-browser@5.2.1 OK for: open@10.2.0 want: ^5.2.1
153 silly placeDep node_modules/webpack-dev-server define-lazy-prop@3.0.0 OK for: open@10.2.0 want: ^3.0.0
154 silly placeDep ROOT is-inside-container@1.0.0 OK for: open@10.2.0 want: ^1.0.0
155 silly placeDep ROOT wsl-utils@0.1.0 OK for: open@10.2.0 want: ^0.1.0
156 silly fetch manifest bundle-name@^4.1.0
157 silly packumentCache full:https://registry.npmjs.org/bundle-name cache-miss
158 silly fetch manifest default-browser-id@^5.0.0
159 silly packumentCache full:https://registry.npmjs.org/default-browser-id cache-miss
160 silly fetch manifest is-docker@^3.0.0
161 silly packumentCache full:https://registry.npmjs.org/is-docker cache-miss
162 silly fetch manifest is-wsl@^3.1.0
163 silly packumentCache full:https://registry.npmjs.org/is-wsl cache-miss
164 http fetch GET 200 https://registry.npmjs.org/bundle-name 42ms (cache miss)
165 silly packumentCache full:https://registry.npmjs.org/bundle-name set size:undefined disposed:false
166 http fetch GET 200 https://registry.npmjs.org/default-browser-id 46ms (cache miss)
167 silly packumentCache full:https://registry.npmjs.org/default-browser-id set size:undefined disposed:false
168 http fetch GET 200 https://registry.npmjs.org/is-wsl 57ms (cache miss)
169 silly packumentCache full:https://registry.npmjs.org/is-wsl set size:undefined disposed:false
170 http fetch GET 200 https://registry.npmjs.org/is-docker 67ms (cache miss)
171 silly packumentCache full:https://registry.npmjs.org/is-docker set size:undefined disposed:false
172 silly placeDep ROOT bundle-name@4.1.0 OK for: default-browser@5.2.1 want: ^4.1.0
173 silly placeDep ROOT default-browser-id@5.0.0 OK for: default-browser@5.2.1 want: ^5.0.0
174 silly fetch manifest run-applescript@^7.0.0
175 silly packumentCache full:https://registry.npmjs.org/run-applescript cache-miss
176 http fetch GET 200 https://registry.npmjs.org/run-applescript 73ms (cache miss)
177 silly packumentCache full:https://registry.npmjs.org/run-applescript set size:undefined disposed:false
178 silly placeDep ROOT run-applescript@7.0.0 OK for: bundle-name@4.1.0 want: ^7.0.0
179 silly placeDep node_modules/is-inside-container is-docker@3.0.0 OK for: is-inside-container@1.0.0 want: ^3.0.0
180 silly placeDep node_modules/wsl-utils is-wsl@3.1.0 OK for: wsl-utils@0.1.0 want: ^3.1.0
181 silly reify mark retired [
181 silly reify   'C:\\Users\\kolag\\Downloads\\wall-frame-full-project\\frontend\\node_modules\\bundle-name'
181 silly reify ]
182 silly reify mark retired [
182 silly reify   'C:\\Users\\kolag\\Downloads\\wall-frame-full-project\\frontend\\node_modules\\default-browser-id'
182 silly reify ]
183 silly reify mark retired [
183 silly reify   'C:\\Users\\kolag\\Downloads\\wall-frame-full-project\\frontend\\node_modules\\default-browser'
183 silly reify ]
184 silly reify mark retired [
184 silly reify   'C:\\Users\\kolag\\Downloads\\wall-frame-full-project\\frontend\\node_modules\\hyperdyperid'
184 silly reify ]
185 silly reify mark retired [
185 silly reify   'C:\\Users\\kolag\\Downloads\\wall-frame-full-project\\frontend\\node_modules\\is-network-error'
185 silly reify ]
186 silly reify mark retired [
186 silly reify   'C:\\Users\\kolag\\Downloads\\wall-frame-full-project\\frontend\\node_modules\\is-inside-container',
186 silly reify   'C:\\Users\\kolag\\Downloads\\wall-frame-full-project\\frontend\\node_modules\\.bin\\is-inside-container',
186 silly reify   'C:\\Users\\kolag\\Downloads\\wall-frame-full-project\\frontend\\node_modules\\.bin\\is-inside-container.cmd',
186 silly reify   'C:\\Users\\kolag\\Downloads\\wall-frame-full-project\\frontend\\node_modules\\.bin\\is-inside-container.ps1'
186 silly reify ]
187 silly reify mark retired [
187 silly reify   'C:\\Users\\kolag\\Downloads\\wall-frame-full-project\\frontend\\node_modules\\p-retry'
187 silly reify ]
188 silly reify mark retired [
188 silly reify   'C:\\Users\\kolag\\Downloads\\wall-frame-full-project\\frontend\\node_modules\\run-applescript'
188 silly reify ]
189 silly reify mark retired [
189 silly reify   'C:\\Users\\kolag\\Downloads\\wall-frame-full-project\\frontend\\node_modules\\thingies'
189 silly reify ]
190 silly reify mark retired [
190 silly reify   'C:\\Users\\kolag\\Downloads\\wall-frame-full-project\\frontend\\node_modules\\tree-dump'
190 silly reify ]
191 silly reify mark retired [
191 silly reify   'C:\\Users\\kolag\\Downloads\\wall-frame-full-project\\frontend\\node_modules\\webpack-dev-middleware'
191 silly reify ]
192 silly reify mark retired [
192 silly reify   'C:\\Users\\kolag\\Downloads\\wall-frame-full-project\\frontend\\node_modules\\webpack-dev-server',
192 silly reify   'C:\\Users\\kolag\\Downloads\\wall-frame-full-project\\frontend\\node_modules\\.bin\\webpack-dev-server',
192 silly reify   'C:\\Users\\kolag\\Downloads\\wall-frame-full-project\\frontend\\node_modules\\.bin\\webpack-dev-server.cmd',
192 silly reify   'C:\\Users\\kolag\\Downloads\\wall-frame-full-project\\frontend\\node_modules\\.bin\\webpack-dev-server.ps1'
192 silly reify ]
193 silly reify mark retired [
193 silly reify   'C:\\Users\\kolag\\Downloads\\wall-frame-full-project\\frontend\\node_modules\\wsl-utils'
193 silly reify ]
194 silly reify mark retired [
194 silly reify   'C:\\Users\\kolag\\Downloads\\wall-frame-full-project\\frontend\\node_modules\\@jsonjoy.com\\base64'
194 silly reify ]
195 silly reify mark retired [
195 silly reify   'C:\\Users\\kolag\\Downloads\\wall-frame-full-project\\frontend\\node_modules\\@jsonjoy.com\\json-pack'
195 silly reify ]
196 silly reify mark retired [
196 silly reify   'C:\\Users\\kolag\\Downloads\\wall-frame-full-project\\frontend\\node_modules\\@jsonjoy.com\\util'
196 silly reify ]
197 silly reify mark retired [
197 silly reify   'C:\\Users\\kolag\\Downloads\\wall-frame-full-project\\frontend\\node_modules\\@types\\retry'
197 silly reify ]
198 silly reify moves {
198 silly reify   'C:\\Users\\kolag\\Downloads\\wall-frame-full-project\\frontend\\node_modules\\bundle-name': 'C:\\Users\\kolag\\Downloads\\wall-frame-full-project\\frontend\\node_modules\\.bundle-name-7DK5fPHU',
198 silly reify   'C:\\Users\\kolag\\Downloads\\wall-frame-full-project\\frontend\\node_modules\\default-browser-id': 'C:\\Users\\kolag\\Downloads\\wall-frame-full-project\\frontend\\node_modules\\.default-browser-id-A3bKE7Uj',
198 silly reify   'C:\\Users\\kolag\\Downloads\\wall-frame-full-project\\frontend\\node_modules\\default-browser': 'C:\\Users\\kolag\\Downloads\\wall-frame-full-project\\frontend\\node_modules\\.default-browser-7TTj3q3X',
198 silly reify   'C:\\Users\\kolag\\Downloads\\wall-frame-full-project\\frontend\\node_modules\\hyperdyperid': 'C:\\Users\\kolag\\Downloads\\wall-frame-full-project\\frontend\\node_modules\\.hyperdyperid-wcUJ25DZ',
198 silly reify   'C:\\Users\\kolag\\Downloads\\wall-frame-full-project\\frontend\\node_modules\\is-network-error': 'C:\\Users\\kolag\\Downloads\\wall-frame-full-project\\frontend\\node_modules\\.is-network-error-pGQVQsrk',
198 silly reify   'C:\\Users\\kolag\\Downloads\\wall-frame-full-project\\frontend\\node_modules\\is-inside-container': 'C:\\Users\\kolag\\Downloads\\wall-frame-full-project\\frontend\\node_modules\\.is-inside-container-hMay3amE',
198 silly reify   'C:\\Users\\kolag\\Downloads\\wall-frame-full-project\\frontend\\node_modules\\.bin\\is-inside-container': 'C:\\Users\\kolag\\Downloads\\wall-frame-full-project\\frontend\\node_modules\\.bin\\.is-inside-container-pfsl5roY',
198 silly reify   'C:\\Users\\kolag\\Downloads\\wall-frame-full-project\\frontend\\node_modules\\.bin\\is-inside-container.cmd': 'C:\\Users\\kolag\\Downloads\\wall-frame-full-project\\frontend\\node_modules\\.bin\\.is-inside-container.cmd-iRrBaf15',
198 silly reify   'C:\\Users\\kolag\\Downloads\\wall-frame-full-project\\frontend\\node_modules\\.bin\\is-inside-container.ps1': 'C:\\Users\\kolag\\Downloads\\wall-frame-full-project\\frontend\\node_modules\\.bin\\.is-inside-container.ps1-PxN6JUtx',
198 silly reify   'C:\\Users\\kolag\\Downloads\\wall-frame-full-project\\frontend\\node_modules\\p-retry': 'C:\\Users\\kolag\\Downloads\\wall-frame-full-project\\frontend\\node_modules\\.p-retry-MQvW50pa',
198 silly reify   'C:\\Users\\kolag\\Downloads\\wall-frame-full-project\\frontend\\node_modules\\run-applescript': 'C:\\Users\\kolag\\Downloads\\wall-frame-full-project\\frontend\\node_modules\\.run-applescript-G88fLdPm',
198 silly reify   'C:\\Users\\kolag\\Downloads\\wall-frame-full-project\\frontend\\node_modules\\thingies': 'C:\\Users\\kolag\\Downloads\\wall-frame-full-project\\frontend\\node_modules\\.thingies-5otSmHEn',
198 silly reify   'C:\\Users\\kolag\\Downloads\\wall-frame-full-project\\frontend\\node_modules\\tree-dump': 'C:\\Users\\kolag\\Downloads\\wall-frame-full-project\\frontend\\node_modules\\.tree-dump-3j07gnTx',
198 silly reify   'C:\\Users\\kolag\\Downloads\\wall-frame-full-project\\frontend\\node_modules\\webpack-dev-middleware': 'C:\\Users\\kolag\\Downloads\\wall-frame-full-project\\frontend\\node_modules\\.webpack-dev-middleware-SoLmbWs8',
198 silly reify   'C:\\Users\\kolag\\Downloads\\wall-frame-full-project\\frontend\\node_modules\\webpack-dev-server': 'C:\\Users\\kolag\\Downloads\\wall-frame-full-project\\frontend\\node_modules\\.webpack-dev-server-XOdWrYo9',
198 silly reify   'C:\\Users\\kolag\\Downloads\\wall-frame-full-project\\frontend\\node_modules\\.bin\\webpack-dev-server': 'C:\\Users\\kolag\\Downloads\\wall-frame-full-project\\frontend\\node_modules\\.bin\\.webpack-dev-server-YKvL2z1F',
198 silly reify   'C:\\Users\\kolag\\Downloads\\wall-frame-full-project\\frontend\\node_modules\\.bin\\webpack-dev-server.cmd': 'C:\\Users\\kolag\\Downloads\\wall-frame-full-project\\frontend\\node_modules\\.bin\\.webpack-dev-server.cmd-30blxC3u',
198 silly reify   'C:\\Users\\kolag\\Downloads\\wall-frame-full-project\\frontend\\node_modules\\.bin\\webpack-dev-server.ps1': 'C:\\Users\\kolag\\Downloads\\wall-frame-full-project\\frontend\\node_modules\\.bin\\.webpack-dev-server.ps1-DLXs3XXz',
198 silly reify   'C:\\Users\\kolag\\Downloads\\wall-frame-full-project\\frontend\\node_modules\\wsl-utils': 'C:\\Users\\kolag\\Downloads\\wall-frame-full-project\\frontend\\node_modules\\.wsl-utils-1h5YDxbb',
198 silly reify   'C:\\Users\\kolag\\Downloads\\wall-frame-full-project\\frontend\\node_modules\\@jsonjoy.com\\base64': 'C:\\Users\\kolag\\Downloads\\wall-frame-full-project\\frontend\\node_modules\\@jsonjoy.com\\.base64-wGnTFbVS',
198 silly reify   'C:\\Users\\kolag\\Downloads\\wall-frame-full-project\\frontend\\node_modules\\@jsonjoy.com\\json-pack': 'C:\\Users\\kolag\\Downloads\\wall-frame-full-project\\frontend\\node_modules\\@jsonjoy.com\\.json-pack-AXKgLymq',
198 silly reify   'C:\\Users\\kolag\\Downloads\\wall-frame-full-project\\frontend\\node_modules\\@jsonjoy.com\\util': 'C:\\Users\\kolag\\Downloads\\wall-frame-full-project\\frontend\\node_modules\\@jsonjoy.com\\.util-uViE2Lqc',
198 silly reify   'C:\\Users\\kolag\\Downloads\\wall-frame-full-project\\frontend\\node_modules\\@types\\retry': 'C:\\Users\\kolag\\Downloads\\wall-frame-full-project\\frontend\\node_modules\\@types\\.retry-hL8eFU5K'
198 silly reify }
199 silly audit bulk request {
199 silly audit   '@alloc/quick-lru': [ '5.2.0' ],
199 silly audit   '@ampproject/remapping': [ '2.3.0' ],
199 silly audit   '@babel/code-frame': [ '7.27.1' ],
199 silly audit   '@babel/compat-data': [ '7.27.7' ],
199 silly audit   '@babel/core': [ '7.27.7' ],
199 silly audit   semver: [ '6.3.1', '7.7.2' ],
199 silly audit   '@babel/eslint-parser': [ '7.27.5' ],
199 silly audit   'eslint-visitor-keys': [ '2.1.0', '3.4.3' ],
199 silly audit   '@babel/generator': [ '7.27.5' ],
199 silly audit   '@babel/helper-annotate-as-pure': [ '7.27.3' ],
199 silly audit   '@babel/helper-compilation-targets': [ '7.27.2' ],
199 silly audit   '@babel/helper-create-class-features-plugin': [ '7.27.1' ],
199 silly audit   '@babel/helper-create-regexp-features-plugin': [ '7.27.1' ],
199 silly audit   '@babel/helper-define-polyfill-provider': [ '0.6.5' ],
199 silly audit   '@babel/helper-member-expression-to-functions': [ '7.27.1' ],
199 silly audit   '@babel/helper-module-imports': [ '7.27.1' ],
199 silly audit   '@babel/helper-module-transforms': [ '7.27.3' ],
199 silly audit   '@babel/helper-optimise-call-expression': [ '7.27.1' ],
199 silly audit   '@babel/helper-plugin-utils': [ '7.27.1' ],
199 silly audit   '@babel/helper-remap-async-to-generator': [ '7.27.1' ],
199 silly audit   '@babel/helper-replace-supers': [ '7.27.1' ],
199 silly audit   '@babel/helper-skip-transparent-expression-wrappers': [ '7.27.1' ],
199 silly audit   '@babel/helper-string-parser': [ '7.27.1' ],
199 silly audit   '@babel/helper-validator-identifier': [ '7.27.1' ],
199 silly audit   '@babel/helper-validator-option': [ '7.27.1' ],
199 silly audit   '@babel/helper-wrap-function': [ '7.27.1' ],
199 silly audit   '@babel/helpers': [ '7.27.6' ],
199 silly audit   '@babel/parser': [ '7.27.7' ],
199 silly audit   '@babel/plugin-bugfix-firefox-class-in-computed-class-key': [ '7.27.1' ],
199 silly audit   '@babel/plugin-bugfix-safari-class-field-initializer-scope': [ '7.27.1' ],
199 silly audit   '@babel/plugin-bugfix-safari-id-destructuring-collision-in-function-expression': [ '7.27.1' ],
199 silly audit   '@babel/plugin-bugfix-v8-spread-parameters-in-optional-chaining': [ '7.27.1' ],
199 silly audit   '@babel/plugin-bugfix-v8-static-class-fields-redefine-readonly': [ '7.27.1' ],
199 silly audit   '@babel/plugin-proposal-class-properties': [ '7.18.6' ],
199 silly audit   '@babel/plugin-proposal-decorators': [ '7.27.1' ],
199 silly audit   '@babel/plugin-proposal-nullish-coalescing-operator': [ '7.18.6' ],
199 silly audit   '@babel/plugin-proposal-numeric-separator': [ '7.18.6' ],
199 silly audit   '@babel/plugin-proposal-optional-chaining': [ '7.21.0' ],
199 silly audit   '@babel/plugin-proposal-private-methods': [ '7.18.6' ],
199 silly audit   '@babel/plugin-proposal-private-property-in-object': [ '7.21.0-placeholder-for-preset-env.2', '7.21.11' ],
199 silly audit   '@babel/plugin-syntax-async-generators': [ '7.8.4' ],
199 silly audit   '@babel/plugin-syntax-bigint': [ '7.8.3' ],
199 silly audit   '@babel/plugin-syntax-class-properties': [ '7.12.13' ],
199 silly audit   '@babel/plugin-syntax-class-static-block': [ '7.14.5' ],
199 silly audit   '@babel/plugin-syntax-decorators': [ '7.27.1' ],
199 silly audit   '@babel/plugin-syntax-flow': [ '7.27.1' ],
199 silly audit   '@babel/plugin-syntax-import-assertions': [ '7.27.1' ],
199 silly audit   '@babel/plugin-syntax-import-attributes': [ '7.27.1' ],
199 silly audit   '@babel/plugin-syntax-import-meta': [ '7.10.4' ],
199 silly audit   '@babel/plugin-syntax-json-strings': [ '7.8.3' ],
199 silly audit   '@babel/plugin-syntax-jsx': [ '7.27.1' ],
199 silly audit   '@babel/plugin-syntax-logical-assignment-operators': [ '7.10.4' ],
199 silly audit   '@babel/plugin-syntax-nullish-coalescing-operator': [ '7.8.3' ],
199 silly audit   '@babel/plugin-syntax-numeric-separator': [ '7.10.4' ],
199 silly audit   '@babel/plugin-syntax-object-rest-spread': [ '7.8.3' ],
199 silly audit   '@babel/plugin-syntax-optional-catch-binding': [ '7.8.3' ],
199 silly audit   '@babel/plugin-syntax-optional-chaining': [ '7.8.3' ],
199 silly audit   '@babel/plugin-syntax-private-property-in-object': [ '7.14.5' ],
199 silly audit   '@babel/plugin-syntax-top-level-await': [ '7.14.5' ],
199 silly audit   '@babel/plugin-syntax-typescript': [ '7.27.1' ],
199 silly audit   '@babel/plugin-syntax-unicode-sets-regex': [ '7.18.6' ],
199 silly audit   '@babel/plugin-transform-arrow-functions': [ '7.27.1' ],
199 silly audit   '@babel/plugin-transform-async-generator-functions': [ '7.27.1' ],
199 silly audit   '@babel/plugin-transform-async-to-generator': [ '7.27.1' ],
199 silly audit   '@babel/plugin-transform-block-scoped-functions': [ '7.27.1' ],
199 silly audit   '@babel/plugin-transform-block-scoping': [ '7.27.5' ],
199 silly audit   '@babel/plugin-transform-class-properties': [ '7.27.1' ],
199 silly audit   '@babel/plugin-transform-class-static-block': [ '7.27.1' ],
199 silly audit   '@babel/plugin-transform-classes': [ '7.27.7' ],
199 silly audit   '@babel/plugin-transform-computed-properties': [ '7.27.1' ],
199 silly audit   '@babel/plugin-transform-destructuring': [ '7.27.7' ],
199 silly audit   '@babel/plugin-transform-dotall-regex': [ '7.27.1' ],
199 silly audit   '@babel/plugin-transform-duplicate-keys': [ '7.27.1' ],
199 silly audit   '@babel/plugin-transform-duplicate-named-capturing-groups-regex': [ '7.27.1' ],
199 silly audit   '@babel/plugin-transform-dynamic-import': [ '7.27.1' ],
199 silly audit   '@babel/plugin-transform-exponentiation-operator': [ '7.27.1' ],
199 silly audit   '@babel/plugin-transform-export-namespace-from': [ '7.27.1' ],
199 silly audit   '@babel/plugin-transform-flow-strip-types': [ '7.27.1' ],
199 silly audit   '@babel/plugin-transform-for-of': [ '7.27.1' ],
199 silly audit   '@babel/plugin-transform-function-name': [ '7.27.1' ],
199 silly audit   '@babel/plugin-transform-json-strings': [ '7.27.1' ],
199 silly audit   '@babel/plugin-transform-literals': [ '7.27.1' ],
199 silly audit   '@babel/plugin-transform-logical-assignment-operators': [ '7.27.1' ],
199 silly audit   '@babel/plugin-transform-member-expression-literals': [ '7.27.1' ],
199 silly audit   '@babel/plugin-transform-modules-amd': [ '7.27.1' ],
199 silly audit   '@babel/plugin-transform-modules-commonjs': [ '7.27.1' ],
199 silly audit   '@babel/plugin-transform-modules-systemjs': [ '7.27.1' ],
199 silly audit   '@babel/plugin-transform-modules-umd': [ '7.27.1' ],
199 silly audit   '@babel/plugin-transform-named-capturing-groups-regex': [ '7.27.1' ],
199 silly audit   '@babel/plugin-transform-new-target': [ '7.27.1' ],
199 silly audit   '@babel/plugin-transform-nullish-coalescing-operator': [ '7.27.1' ],
199 silly audit   '@babel/plugin-transform-numeric-separator': [ '7.27.1' ],
199 silly audit   '@babel/plugin-transform-object-rest-spread': [ '7.27.7' ],
199 silly audit   '@babel/plugin-transform-object-super': [ '7.27.1' ],
199 silly audit   '@babel/plugin-transform-optional-catch-binding': [ '7.27.1' ],
199 silly audit   '@babel/plugin-transform-optional-chaining': [ '7.27.1' ],
199 silly audit   '@babel/plugin-transform-parameters': [ '7.27.7' ],
199 silly audit   '@babel/plugin-transform-private-methods': [ '7.27.1' ],
199 silly audit   '@babel/plugin-transform-private-property-in-object': [ '7.27.1' ],
199 silly audit   '@babel/plugin-transform-property-literals': [ '7.27.1' ],
199 silly audit   '@babel/plugin-transform-react-constant-elements': [ '7.27.1' ],
199 silly audit   '@babel/plugin-transform-react-display-name': [ '7.27.1' ],
199 silly audit   '@babel/plugin-transform-react-jsx': [ '7.27.1' ],
199 silly audit   '@babel/plugin-transform-react-jsx-development': [ '7.27.1' ],
199 silly audit   '@babel/plugin-transform-react-pure-annotations': [ '7.27.1' ],
199 silly audit   '@babel/plugin-transform-regenerator': [ '7.27.5' ],
199 silly audit   '@babel/plugin-transform-regexp-modifiers': [ '7.27.1' ],
199 silly audit   '@babel/plugin-transform-reserved-words': [ '7.27.1' ],
199 silly audit   '@babel/plugin-transform-runtime': [ '7.27.4' ],
199 silly audit   '@babel/plugin-transform-shorthand-properties': [ '7.27.1' ],
199 silly audit   '@babel/plugin-transform-spread': [ '7.27.1' ],
199 silly audit   '@babel/plugin-transform-sticky-regex': [ '7.27.1' ],
199 silly audit   '@babel/plugin-transform-template-literals': [ '7.27.1' ],
199 silly audit   '@babel/plugin-transform-typeof-symbol': [ '7.27.1' ],
199 silly audit   '@babel/plugin-transform-typescript': [ '7.27.1' ],
199 silly audit   '@babel/plugin-transform-unicode-escapes': [ '7.27.1' ],
199 silly audit   '@babel/plugin-transform-unicode-property-regex': [ '7.27.1' ],
199 silly audit   '@babel/plugin-transform-unicode-regex': [ '7.27.1' ],
199 silly audit   '@babel/plugin-transform-unicode-sets-regex': [ '7.27.1' ],
199 silly audit   '@babel/preset-env': [ '7.27.2' ],
199 silly audit   '@babel/preset-modules': [ '0.1.6-no-external-plugins' ],
199 silly audit   '@babel/preset-react': [ '7.27.1' ],
199 silly audit   '@babel/preset-typescript': [ '7.27.1' ],
199 silly audit   '@babel/runtime': [ '7.27.6' ],
199 silly audit   '@babel/template': [ '7.27.2' ],
199 silly audit   '@babel/traverse': [ '7.27.7' ],
199 silly audit   '@babel/types': [ '7.27.7' ],
199 silly audit   '@bcoe/v8-coverage': [ '0.2.3' ],
199 silly audit   '@csstools/normalize.css': [ '12.1.1' ],
199 silly audit   '@csstools/postcss-cascade-layers': [ '1.1.1' ],
199 silly audit   '@csstools/postcss-color-function': [ '1.1.1' ],
199 silly audit   '@csstools/postcss-font-format-keywords': [ '1.0.1' ],
199 silly audit   '@csstools/postcss-hwb-function': [ '1.0.2' ],
199 silly audit   '@csstools/postcss-ic-unit': [ '1.0.1' ],
199 silly audit   '@csstools/postcss-is-pseudo-class': [ '2.0.7' ],
199 silly audit   '@csstools/postcss-nested-calc': [ '1.0.0' ],
199 silly audit   '@csstools/postcss-normalize-display-values': [ '1.0.1' ],
199 silly audit   '@csstools/postcss-oklab-function': [ '1.1.1' ],
199 silly audit   '@csstools/postcss-progressive-custom-properties': [ '1.3.0' ],
199 silly audit   '@csstools/postcss-stepped-value-functions': [ '1.0.1' ],
199 silly audit   '@csstools/postcss-text-decoration-shorthand': [ '1.0.0' ],
199 silly audit   '@csstools/postcss-trigonometric-functions': [ '1.0.2' ],
199 silly audit   '@csstools/postcss-unset-value': [ '1.0.2' ],
199 silly audit   '@csstools/selector-specificity': [ '2.2.0' ],
199 silly audit   '@eslint-community/eslint-utils': [ '4.7.0' ],
199 silly audit   '@eslint-community/regexpp': [ '4.12.1' ],
199 silly audit   '@eslint/eslintrc': [ '2.1.4' ],
199 silly audit   argparse: [ '2.0.1', '1.0.10' ],
199 silly audit   globals: [ '13.24.0', '11.12.0' ],
199 silly audit   'js-yaml': [ '4.1.0', '3.14.1' ],
199 silly audit   'type-fest': [ '0.20.2', '0.16.0', '0.21.3' ],
199 silly audit   '@eslint/js': [ '8.57.1' ],
199 silly audit   '@humanwhocodes/config-array': [ '0.13.0' ],
199 silly audit   '@humanwhocodes/module-importer': [ '1.0.1' ],
199 silly audit   '@humanwhocodes/object-schema': [ '2.0.3' ],
199 silly audit   '@isaacs/cliui': [ '8.0.2' ],
199 silly audit   'ansi-regex': [ '6.1.0', '5.0.1' ],
199 silly audit   'ansi-styles': [ '6.2.1', '4.3.0', '3.2.1', '5.2.0' ],
199 silly audit   'string-width': [ '5.1.2', '4.2.3' ],
199 silly audit   'strip-ansi': [ '7.1.0', '6.0.1' ],
199 silly audit   'wrap-ansi': [ '8.1.0', '7.0.0' ],
199 silly audit   '@istanbuljs/load-nyc-config': [ '1.1.0' ],
199 silly audit   camelcase: [ '5.3.1', '6.3.0' ],
199 silly audit   '@istanbuljs/schema': [ '0.1.3' ],
199 silly audit   '@jest/console': [ '27.5.1', '28.1.3' ],
199 silly audit   '@jest/core': [ '27.5.1' ],
199 silly audit   '@jest/environment': [ '27.5.1' ],
199 silly audit   '@jest/fake-timers': [ '27.5.1' ],
199 silly audit   '@jest/globals': [ '27.5.1' ],
199 silly audit   '@jest/reporters': [ '27.5.1' ],
199 silly audit   'source-map': [ '0.6.1', '0.7.4', '0.8.0-beta.0' ],
199 silly audit   '@jest/schemas': [ '28.1.3' ],
199 silly audit   '@jest/source-map': [ '27.5.1' ],
199 silly audit   '@jest/test-result': [ '27.5.1', '28.1.3' ],
199 silly audit   '@jest/test-sequencer': [ '27.5.1' ],
199 silly audit   '@jest/transform': [ '27.5.1' ],
199 silly audit   'convert-source-map': [ '1.9.0', '2.0.0' ],
199 silly audit   '@jest/types': [ '27.5.1', '28.1.3' ],
199 silly audit   '@jridgewell/gen-mapping': [ '0.3.8' ],
199 silly audit   '@jridgewell/resolve-uri': [ '3.1.2' ],
199 silly audit   '@jridgewell/set-array': [ '1.2.1' ],
199 silly audit   '@jridgewell/source-map': [ '0.3.6' ],
199 silly audit   '@jridgewell/sourcemap-codec': [ '1.5.0' ],
199 silly audit   '@jridgewell/trace-mapping': [ '0.3.25' ],
199 silly audit   '@leichtgewicht/ip-codec': [ '2.0.5' ],
199 silly audit   '@nicolo-ribaudo/eslint-scope-5-internals': [ '5.1.1-v1' ],
199 silly audit   'eslint-scope': [ '5.1.1', '7.2.2' ],
199 silly audit   estraverse: [ '4.3.0', '5.3.0' ],
199 silly audit   '@nodelib/fs.scandir': [ '2.1.5' ],
199 silly audit   '@nodelib/fs.stat': [ '2.0.5' ],
199 silly audit   '@nodelib/fs.walk': [ '1.2.8' ],
199 silly audit   '@pkgjs/parseargs': [ '0.11.0' ],
199 silly audit   '@pmmmwh/react-refresh-webpack-plugin': [ '0.5.17' ],
199 silly audit   '@rollup/plugin-babel': [ '5.3.1' ],
199 silly audit   '@rollup/plugin-node-resolve': [ '11.2.1' ],
199 silly audit   '@rollup/plugin-replace': [ '2.4.2' ],
199 silly audit   '@rollup/pluginutils': [ '3.1.0' ],
199 silly audit   '@types/estree': [ '0.0.39', '1.0.8' ],
199 silly audit   '@rtsao/scc': [ '1.1.0' ],
199 silly audit   '@rushstack/eslint-patch': [ '1.12.0' ],
199 silly audit   '@sinclair/typebox': [ '0.24.51' ],
199 silly audit   '@sinonjs/commons': [ '1.8.6' ],
199 silly audit   '@sinonjs/fake-timers': [ '8.1.0' ],
199 silly audit   '@surma/rollup-plugin-off-main-thread': [ '2.2.3' ],
199 silly audit   '@svgr/babel-plugin-add-jsx-attribute': [ '5.4.0' ],
199 silly audit   '@svgr/babel-plugin-remove-jsx-attribute': [ '5.4.0' ],
199 silly audit   '@svgr/babel-plugin-remove-jsx-empty-expression': [ '5.0.1' ],
199 silly audit   '@svgr/babel-plugin-replace-jsx-attribute-value': [ '5.0.1' ],
199 silly audit   '@svgr/babel-plugin-svg-dynamic-title': [ '5.4.0' ],
199 silly audit   '@svgr/babel-plugin-svg-em-dimensions': [ '5.4.0' ],
199 silly audit   '@svgr/babel-plugin-transform-react-native-svg': [ '5.4.0' ],
199 silly audit   '@svgr/babel-plugin-transform-svg-component': [ '5.5.0' ],
199 silly audit   '@svgr/babel-preset': [ '5.5.0' ],
199 silly audit   '@svgr/core': [ '5.5.0' ],
199 silly audit   '@svgr/hast-util-to-babel-ast': [ '5.5.0' ],
199 silly audit   '@svgr/plugin-jsx': [ '5.5.0' ],
199 silly audit   '@svgr/plugin-svgo': [ '5.5.0' ],
199 silly audit   '@svgr/webpack': [ '5.5.0' ],
199 silly audit   '@tootallnate/once': [ '1.1.2' ],
199 silly audit   '@trysound/sax': [ '0.2.0' ],
199 silly audit   '@types/babel__core': [ '7.20.5' ],
199 silly audit   '@types/babel__generator': [ '7.27.0' ],
199 silly audit   '@types/babel__template': [ '7.4.4' ],
199 silly audit   '@types/babel__traverse': [ '7.20.7' ],
199 silly audit   '@types/body-parser': [ '1.19.6' ],
199 silly audit   '@types/bonjour': [ '3.5.13' ],
199 silly audit   '@types/connect': [ '3.4.38' ],
199 silly audit   '@types/connect-history-api-fallback': [ '1.5.4' ],
199 silly audit   '@types/eslint': [ '8.56.12' ],
199 silly audit   '@types/eslint-scope': [ '3.7.7' ],
199 silly audit   '@types/express': [ '4.17.23' ],
199 silly audit   '@types/express-serve-static-core': [ '5.0.6', '4.19.6' ],
199 silly audit   '@types/graceful-fs': [ '4.1.9' ],
199 silly audit   '@types/html-minifier-terser': [ '6.1.0' ],
199 silly audit   '@types/http-errors': [ '2.0.5' ],
199 silly audit   '@types/http-proxy': [ '1.17.16' ],
199 silly audit   '@types/istanbul-lib-coverage': [ '2.0.6' ],
199 silly audit   '@types/istanbul-lib-report': [ '3.0.3' ],
199 silly audit   '@types/istanbul-reports': [ '3.0.4' ],
199 silly audit   '@types/json-schema': [ '7.0.15' ],
199 silly audit   '@types/json5': [ '0.0.29' ],
199 silly audit   '@types/mime': [ '1.3.5' ],
199 silly audit   '@types/node': [ '24.0.7' ],
199 silly audit   '@types/node-forge': [ '1.3.11' ],
199 silly audit   '@types/parse-json': [ '4.0.2' ],
199 silly audit   '@types/prettier': [ '2.7.3' ],
199 silly audit   '@types/q': [ '1.5.8' ],
199 silly audit   '@types/qs': [ '6.14.0' ],
199 silly audit   '@types/range-parser': [ '1.2.7' ],
199 silly audit   '@types/resolve': [ '1.17.1' ],
199 silly audit   '@types/semver': [ '7.7.0' ],
199 silly audit   '@types/send': [ '0.17.5' ],
199 silly audit   '@types/serve-index': [ '1.9.4' ],
199 silly audit   '@types/serve-static': [ '1.15.8' ],
199 silly audit   '@types/sockjs': [ '0.3.36' ],
199 silly audit   '@types/stack-utils': [ '2.0.3' ],
199 silly audit   '@types/trusted-types': [ '2.0.7' ],
199 silly audit   '@types/ws': [ '8.18.1' ],
199 silly audit   '@types/yargs': [ '16.0.9', '17.0.33' ],
199 silly audit   '@types/yargs-parser': [ '21.0.3' ],
199 silly audit   '@typescript-eslint/eslint-plugin': [ '5.62.0' ],
199 silly audit   '@typescript-eslint/experimental-utils': [ '5.62.0' ],
199 silly audit   '@typescript-eslint/parser': [ '5.62.0' ],
199 silly audit   '@typescript-eslint/scope-manager': [ '5.62.0' ],
199 silly audit   '@typescript-eslint/type-utils': [ '5.62.0' ],
199 silly audit   '@typescript-eslint/types': [ '5.62.0' ],
199 silly audit   '@typescript-eslint/typescript-estree': [ '5.62.0' ],
199 silly audit   '@typescript-eslint/utils': [ '5.62.0' ],
199 silly audit   '@typescript-eslint/visitor-keys': [ '5.62.0' ],
199 silly audit   '@ungap/structured-clone': [ '1.3.0' ],
199 silly audit   '@webassemblyjs/ast': [ '1.14.1' ],
199 silly audit   '@webassemblyjs/floating-point-hex-parser': [ '1.13.2' ],
199 silly audit   '@webassemblyjs/helper-api-error': [ '1.13.2' ],
199 silly audit   '@webassemblyjs/helper-buffer': [ '1.14.1' ],
199 silly audit   '@webassemblyjs/helper-numbers': [ '1.13.2' ],
199 silly audit   '@webassemblyjs/helper-wasm-bytecode': [ '1.13.2' ],
199 silly audit   '@webassemblyjs/helper-wasm-section': [ '1.14.1' ],
199 silly audit   '@webassemblyjs/ieee754': [ '1.13.2' ],
199 silly audit   '@webassemblyjs/leb128': [ '1.13.2' ],
199 silly audit   '@webassemblyjs/utf8': [ '1.13.2' ],
199 silly audit   '@webassemblyjs/wasm-edit': [ '1.14.1' ],
199 silly audit   '@webassemblyjs/wasm-gen': [ '1.14.1' ],
199 silly audit   '@webassemblyjs/wasm-opt': [ '1.14.1' ],
199 silly audit   '@webassemblyjs/wasm-parser': [ '1.14.1' ],
199 silly audit   '@webassemblyjs/wast-printer': [ '1.14.1' ],
199 silly audit   '@xtuc/ieee754': [ '1.2.0' ],
199 silly audit   '@xtuc/long': [ '4.2.2' ],
199 silly audit   abab: [ '2.0.6' ],
199 silly audit   accepts: [ '1.3.8' ],
199 silly audit   negotiator: [ '0.6.3', '0.6.4' ],
199 silly audit   acorn: [ '8.15.0', '7.4.1' ],
199 silly audit   'acorn-globals': [ '6.0.0' ],
199 silly audit   'acorn-jsx': [ '5.3.2' ],
199 silly audit   'acorn-walk': [ '7.2.0' ],
199 silly audit   address: [ '1.2.2' ],
199 silly audit   'adjust-sourcemap-loader': [ '4.0.0' ],
199 silly audit   'agent-base': [ '6.0.2' ],
199 silly audit   ajv: [ '6.12.6', '8.17.1' ],
199 silly audit   'ajv-formats': [ '2.1.1' ],
199 silly audit   'json-schema-traverse': [ '1.0.0', '0.4.1' ],
199 silly audit   'ajv-keywords': [ '3.5.2', '5.1.0' ],
199 silly audit   'ansi-escapes': [ '4.3.2' ],
199 silly audit   'ansi-html': [ '0.0.9' ],
199 silly audit   'ansi-html-community': [ '0.0.8' ],
199 silly audit   'any-promise': [ '1.3.0' ],
199 silly audit   anymatch: [ '3.1.3' ],
199 silly audit   arg: [ '5.0.2' ],
199 silly audit   'aria-query': [ '5.3.2' ],
199 silly audit   'array-buffer-byte-length': [ '1.0.2' ],
199 silly audit   'array-flatten': [ '1.1.1' ],
199 silly audit   'array-includes': [ '3.1.9' ],
199 silly audit   'array-union': [ '2.1.0' ],
199 silly audit   'array.prototype.findlast': [ '1.2.5' ],
199 silly audit   'array.prototype.findlastindex': [ '1.2.6' ],
199 silly audit   'array.prototype.flat': [ '1.3.3' ],
199 silly audit   'array.prototype.flatmap': [ '1.3.3' ],
199 silly audit   'array.prototype.reduce': [ '1.0.8' ],
199 silly audit   'array.prototype.tosorted': [ '1.1.4' ],
199 silly audit   'arraybuffer.prototype.slice': [ '1.0.4' ],
199 silly audit   asap: [ '2.0.6' ],
199 silly audit   'ast-types-flow': [ '0.0.8' ],
199 silly audit   async: [ '3.2.6' ],
199 silly audit   'async-function': [ '1.0.0' ],
199 silly audit   asynckit: [ '0.4.0' ],
199 silly audit   'at-least-node': [ '1.0.0' ],
199 silly audit   autoprefixer: [ '10.4.21' ],
199 silly audit   'available-typed-arrays': [ '1.0.7' ],
199 silly audit   'axe-core': [ '4.10.3' ],
199 silly audit   'axobject-query': [ '4.1.0' ],
199 silly audit   'babel-jest': [ '27.5.1' ],
199 silly audit   'babel-loader': [ '8.4.1' ],
199 silly audit   'schema-utils': [ '2.7.1', '3.3.0', '2.7.0', '4.3.2' ],
199 silly audit   'babel-plugin-istanbul': [ '6.1.1' ],
199 silly audit   'babel-plugin-jest-hoist': [ '27.5.1' ],
199 silly audit   'babel-plugin-macros': [ '3.1.0' ],
199 silly audit   'babel-plugin-named-asset-import': [ '0.3.8' ],
199 silly audit   'babel-plugin-polyfill-corejs2': [ '0.4.14' ],
199 silly audit   'babel-plugin-polyfill-corejs3': [ '0.11.1' ],
199 silly audit   'babel-plugin-polyfill-regenerator': [ '0.6.5' ],
199 silly audit   'babel-plugin-transform-react-remove-prop-types': [ '0.4.24' ],
199 silly audit   'babel-preset-current-node-syntax': [ '1.1.0' ],
199 silly audit   'babel-preset-jest': [ '27.5.1' ],
199 silly audit   'babel-preset-react-app': [ '10.1.0' ],
199 silly audit   'balanced-match': [ '1.0.2' ],
199 silly audit   'base64-arraybuffer': [ '1.0.2' ],
199 silly audit   batch: [ '0.6.1' ],
199 silly audit   bfj: [ '7.1.0' ],
199 silly audit   'big.js': [ '5.2.2' ],
199 silly audit   'binary-extensions': [ '2.3.0' ],
199 silly audit   bluebird: [ '3.7.2' ],
199 silly audit   'body-parser': [ '1.20.3' ],
199 silly audit   debug: [ '2.6.9', '4.4.1', '3.2.7' ],
199 silly audit   'iconv-lite': [ '0.4.24', '0.6.3' ],
199 silly audit   ms: [ '2.0.0', '2.1.3' ],
199 silly audit   'bonjour-service': [ '1.3.0' ],
199 silly audit   boolbase: [ '1.0.0' ],
199 silly audit   'brace-expansion': [ '1.1.12', '2.0.2' ],
199 silly audit   braces: [ '3.0.3' ],
199 silly audit   'browser-process-hrtime': [ '1.0.0' ],
199 silly audit   browserslist: [ '4.25.1' ],
199 silly audit   bser: [ '2.1.1' ],
199 silly audit   'buffer-from': [ '1.1.2' ],
199 silly audit   'builtin-modules': [ '3.3.0' ],
199 silly audit   bytes: [ '3.1.2' ],
199 silly audit   'call-bind': [ '1.0.8' ],
199 silly audit   'call-bind-apply-helpers': [ '1.0.2' ],
199 silly audit   'call-bound': [ '1.0.4' ],
199 silly audit   callsites: [ '3.1.0' ],
199 silly audit   'camel-case': [ '4.1.2' ],
199 silly audit   tslib: [ '2.8.1', '2.6.2', '2.0.1', '1.14.1' ],
199 silly audit   'camelcase-css': [ '2.0.1' ],
199 silly audit   'caniuse-api': [ '3.0.0' ],
199 silly audit   'caniuse-lite': [ '1.0.30001726' ],
199 silly audit   'case-sensitive-paths-webpack-plugin': [ '2.4.0' ],
199 silly audit   chalk: [ '4.1.2', '2.4.2' ],
199 silly audit   'char-regex': [ '1.0.2', '2.0.2' ],
199 silly audit   'check-types': [ '11.2.3' ],
199 silly audit   chokidar: [ '3.6.0' ],
199 silly audit   'glob-parent': [ '5.1.2', '6.0.2' ],
199 silly audit   'chrome-trace-event': [ '1.0.4' ],
199 silly audit   'ci-info': [ '3.9.0' ],
199 silly audit   'cjs-module-lexer': [ '1.4.3' ],
199 silly audit   'clean-css': [ '5.3.3' ],
199 silly audit   cliui: [ '7.0.4' ],
199 silly audit   clsx: [ '2.1.1', '1.2.1' ],
199 silly audit   co: [ '4.6.0' ],
199 silly audit   coa: [ '2.0.2' ],
199 silly audit   'color-convert': [ '1.9.3', '2.0.1' ],
199 silly audit   'color-name': [ '1.1.3', '1.1.4' ],
199 silly audit   'escape-string-regexp': [ '1.0.5', '4.0.0', '2.0.0' ],
199 silly audit   'has-flag': [ '3.0.0', '4.0.0' ],
199 silly audit   'supports-color': [ '5.5.0', '8.1.1', '7.2.0' ],
199 silly audit   'collect-v8-coverage': [ '1.0.2' ],
199 silly audit   colord: [ '2.9.3' ],
199 silly audit   'combined-stream': [ '1.0.8' ],
199 silly audit   commander: [ '8.3.0', '7.2.0', '4.1.1', '2.20.3' ],
199 silly audit   'common-tags': [ '1.8.2' ],
199 silly audit   commondir: [ '1.0.1' ],
199 silly audit   compressible: [ '2.0.18' ],
199 silly audit   compression: [ '1.8.1' ],
199 silly audit   'concat-map': [ '0.0.1' ],
199 silly audit   'confusing-browser-globals': [ '1.0.11' ],
199 silly audit   'connect-history-api-fallback': [ '2.0.0' ],
199 silly audit   'content-disposition': [ '0.5.4' ],
199 silly audit   'content-type': [ '1.0.5' ],
199 silly audit   cookie: [ '0.7.1', '1.0.2' ],
199 silly audit   'cookie-signature': [ '1.0.6' ],
199 silly audit   'core-js': [ '3.43.0' ],
199 silly audit   'core-js-compat': [ '3.43.0' ],
199 silly audit   'core-js-pure': [ '3.43.0' ],
199 silly audit   'core-util-is': [ '1.0.3' ],
199 silly audit   cosmiconfig: [ '7.1.0', '6.0.0' ],
199 silly audit   'cross-spawn': [ '7.0.6' ],
199 silly audit   'crypto-random-string': [ '2.0.0' ],
199 silly audit   'css-blank-pseudo': [ '3.0.3' ],
199 silly audit   'css-declaration-sorter': [ '6.4.1' ],
199 silly audit   'css-has-pseudo': [ '3.0.4' ],
199 silly audit   'css-line-break': [ '2.1.0' ],
199 silly audit   'css-loader': [ '6.11.0' ],
199 silly audit   'css-minimizer-webpack-plugin': [ '3.4.1' ],
199 silly audit   'css-prefers-color-scheme': [ '6.0.3' ],
199 silly audit   'css-select': [ '4.3.0', '2.1.0' ],
199 silly audit   'css-select-base-adapter': [ '0.1.1' ],
199 silly audit   'css-tree': [ '1.0.0-alpha.37', '1.1.3' ],
199 silly audit   'css-what': [ '6.2.2', '3.4.2' ],
199 silly audit   cssdb: [ '7.11.2' ],
199 silly audit   cssesc: [ '3.0.0' ],
199 silly audit   cssnano: [ '5.1.15' ],
199 silly audit   'cssnano-preset-default': [ '5.2.14' ],
199 silly audit   'cssnano-utils': [ '3.1.0' ],
199 silly audit   csso: [ '4.2.0' ],
199 silly audit   'mdn-data': [ '2.0.14', '2.0.4' ],
199 silly audit   cssom: [ '0.4.4', '0.3.8' ],
199 silly audit   cssstyle: [ '2.3.0' ],
199 silly audit   'damerau-levenshtein': [ '1.0.8' ],
199 silly audit   'data-urls': [ '2.0.0' ],
199 silly audit   'data-view-buffer': [ '1.0.2' ],
199 silly audit   'data-view-byte-length': [ '1.0.2' ],
199 silly audit   'data-view-byte-offset': [ '1.0.1' ],
199 silly audit   'decimal.js': [ '10.5.0' ],
199 silly audit   dedent: [ '0.7.0' ],
199 silly audit   'deep-is': [ '0.1.4' ],
199 silly audit   deepmerge: [ '4.3.1' ],
199 silly audit   'define-data-property': [ '1.1.4' ],
199 silly audit   'define-lazy-prop': [ '2.0.0', '3.0.0' ],
199 silly audit   'define-properties': [ '1.2.1' ],
199 silly audit   'delayed-stream': [ '1.0.0' ],
199 silly audit   depd: [ '2.0.0', '1.1.2' ],
199 silly audit   destroy: [ '1.2.0' ],
199 silly audit   'detect-newline': [ '3.1.0' ],
199 silly audit   'detect-node': [ '2.1.0' ],
199 silly audit   'detect-port-alt': [ '1.1.6' ],
199 silly audit   didyoumean: [ '1.2.2' ],
199 silly audit   'diff-sequences': [ '27.5.1' ],
199 silly audit   'dir-glob': [ '3.0.1' ],
199 silly audit   dlv: [ '1.1.3' ],
199 silly audit   'dns-packet': [ '5.6.1' ],
199 silly audit   doctrine: [ '3.0.0', '2.1.0' ],
199 silly audit   'dom-converter': [ '0.2.0' ],
199 silly audit   'dom-serializer': [ '1.4.1', '0.2.2' ],
199 silly audit   domelementtype: [ '2.3.0', '1.3.1' ],
199 silly audit   domexception: [ '2.0.1' ],
199 silly audit   'webidl-conversions': [ '5.0.0', '6.1.0', '4.0.2' ],
199 silly audit   domhandler: [ '4.3.1' ],
199 silly audit   domutils: [ '2.8.0', '1.7.0' ],
199 silly audit   'dot-case': [ '3.0.4' ],
199 silly audit   dotenv: [ '10.0.0' ],
199 silly audit   'dotenv-expand': [ '5.1.0' ],
199 silly audit   'dunder-proto': [ '1.0.1' ],
199 silly audit   duplexer: [ '0.1.2' ],
199 silly audit   eastasianwidth: [ '0.2.0' ],
199 silly audit   'ee-first': [ '1.1.1' ],
199 silly audit   ejs: [ '3.1.10' ],
199 silly audit   'electron-to-chromium': [ '1.5.177' ],
199 silly audit   emittery: [ '0.8.1', '0.10.2' ],
199 silly audit   'emoji-regex': [ '9.2.2', '8.0.0' ],
199 silly audit   'emojis-list': [ '3.0.0' ],
199 silly audit   encodeurl: [ '2.0.0', '1.0.2' ],
199 silly audit   'enhanced-resolve': [ '5.18.2' ],
199 silly audit   entities: [ '2.2.0' ],
199 silly audit   'error-ex': [ '1.3.2' ],
199 silly audit   'error-stack-parser': [ '2.1.4' ],
199 silly audit   'es-abstract': [ '1.24.0' ],
199 silly audit   'es-array-method-boxes-properly': [ '1.0.0' ],
199 silly audit   'es-define-property': [ '1.0.1' ],
199 silly audit   'es-errors': [ '1.3.0' ],
199 silly audit   'es-iterator-helpers': [ '1.2.1' ],
199 silly audit   'es-module-lexer': [ '1.7.0' ],
199 silly audit   'es-object-atoms': [ '1.1.1' ],
199 silly audit   'es-set-tostringtag': [ '2.1.0' ],
199 silly audit   'es-shim-unscopables': [ '1.1.0' ],
199 silly audit   'es-to-primitive': [ '1.3.0' ],
199 silly audit   escalade: [ '3.2.0' ],
199 silly audit   'escape-html': [ '1.0.3' ],
199 silly audit   escodegen: [ '2.1.0', '1.14.3' ],
199 silly audit   eslint: [ '8.57.1' ],
199 silly audit   'eslint-config-react-app': [ '7.0.1' ],
199 silly audit   'eslint-import-resolver-node': [ '0.3.9' ],
199 silly audit   'eslint-module-utils': [ '2.12.1' ],
199 silly audit   'eslint-plugin-flowtype': [ '8.0.3' ],
199 silly audit   'eslint-plugin-import': [ '2.32.0' ],
199 silly audit   'eslint-plugin-jest': [ '25.7.0' ],
199 silly audit   'eslint-plugin-jsx-a11y': [ '6.10.2' ],
199 silly audit   'eslint-plugin-react': [ '7.37.5' ],
199 silly audit   'eslint-plugin-react-hooks': [ '4.6.2' ],
199 silly audit   resolve: [ '2.0.0-next.5', '1.22.10' ],
199 silly audit   'eslint-plugin-testing-library': [ '5.11.1' ],
199 silly audit   'eslint-webpack-plugin': [ '3.2.0' ],
199 silly audit   'jest-worker': [ '28.1.3', '27.5.1', '26.6.2' ],
199 silly audit   'find-up': [ '5.0.0', '4.1.0', '3.0.0' ],
199 silly audit   'locate-path': [ '6.0.0', '5.0.0', '3.0.0' ],
199 silly audit   'p-limit': [ '3.1.0', '2.3.0' ],
199 silly audit   'p-locate': [ '5.0.0', '4.1.0', '3.0.0' ],
199 silly audit   espree: [ '9.6.1' ],
199 silly audit   esprima: [ '4.0.1', '1.2.2' ],
199 silly audit   esquery: [ '1.6.0' ],
199 silly audit   esrecurse: [ '4.3.0' ],
199 silly audit   'estree-walker': [ '1.0.1' ],
199 silly audit   esutils: [ '2.0.3' ],
199 silly audit   etag: [ '1.8.1' ],
199 silly audit   eventemitter3: [ '4.0.7' ],
199 silly audit   events: [ '3.3.0' ],
199 silly audit   execa: [ '5.1.1' ],
199 silly audit   exit: [ '0.1.2' ],
199 silly audit   expect: [ '27.5.1' ],
199 silly audit   express: [ '4.21.2' ],
199 silly audit   'fast-deep-equal': [ '3.1.3' ],
199 silly audit   'fast-glob': [ '3.3.3' ],
199 silly audit   'fast-json-stable-stringify': [ '2.1.0' ],
199 silly audit   'fast-levenshtein': [ '2.0.6' ],
199 silly audit   'fast-uri': [ '3.0.6' ],
199 silly audit   fastq: [ '1.19.1' ],
199 silly audit   'faye-websocket': [ '0.11.4' ],
199 silly audit   'fb-watchman': [ '2.0.2' ],
199 silly audit   'file-entry-cache': [ '6.0.1' ],
199 silly audit   'file-loader': [ '6.2.0' ],
199 silly audit   filelist: [ '1.0.4' ],
199 silly audit   minimatch: [ '5.1.6', '3.1.2', '9.0.5' ],
199 silly audit   filesize: [ '8.0.7' ],
199 silly audit   'fill-range': [ '7.1.1' ],
199 silly audit   finalhandler: [ '1.3.1' ],
199 silly audit   'find-cache-dir': [ '3.3.2' ],
199 silly audit   'flat-cache': [ '3.2.0' ],
199 silly audit   flatted: [ '3.3.3' ],
199 silly audit   'follow-redirects': [ '1.15.9' ],
199 silly audit   'for-each': [ '0.3.5' ],
199 silly audit   'foreground-child': [ '3.3.1' ],
199 silly audit   'signal-exit': [ '4.1.0', '3.0.7' ],
199 silly audit   'fork-ts-checker-webpack-plugin': [ '6.5.3' ],
199 silly audit   'fs-extra': [ '9.1.0', '10.1.0' ],
199 silly audit   tapable: [ '1.1.3', '2.2.2' ],
199 silly audit   'form-data': [ '3.0.4' ],
199 silly audit   forwarded: [ '0.2.0' ],
199 silly audit   'fraction.js': [ '4.3.7' ],
199 silly audit   fresh: [ '0.5.2' ],
199 silly audit   'fs-monkey': [ '1.0.6' ],
199 silly audit   'fs.realpath': [ '1.0.0' ],
199 silly audit   fsevents: [ '2.3.3' ],
199 silly audit   'function-bind': [ '1.1.2' ],
199 silly audit   'function.prototype.name': [ '1.1.8' ],
199 silly audit   'functions-have-names': [ '1.2.3' ],
199 silly audit   gensync: [ '1.0.0-beta.2' ],
199 silly audit   'get-caller-file': [ '2.0.5' ],
199 silly audit   'get-intrinsic': [ '1.3.0' ],
199 silly audit   'get-own-enumerable-property-symbols': [ '3.0.2' ],
199 silly audit   'get-package-type': [ '0.1.0' ],
199 silly audit   'get-proto': [ '1.0.1' ],
199 silly audit   'get-stream': [ '6.0.1' ],
199 silly audit   'get-symbol-description': [ '1.1.0' ],
199 silly audit   glob: [ '7.2.3', '10.4.5' ],
199 silly audit   'glob-to-regexp': [ '0.4.1' ],
199 silly audit   'global-modules': [ '2.0.0' ],
199 silly audit   'global-prefix': [ '3.0.0' ],
199 silly audit   which: [ '1.3.1', '2.0.2' ],
199 silly audit   globalthis: [ '1.0.4' ],
199 silly audit   globby: [ '11.1.0' ],
199 silly audit   gopd: [ '1.2.0' ],
199 silly audit   'graceful-fs': [ '4.2.11' ],
199 silly audit   graphemer: [ '1.4.0' ],
199 silly audit   'gzip-size': [ '6.0.0' ],
199 silly audit   'handle-thing': [ '2.0.1' ],
199 silly audit   'harmony-reflect': [ '1.6.2' ],
199 silly audit   'has-bigints': [ '1.1.0' ],
199 silly audit   'has-property-descriptors': [ '1.0.2' ],
199 silly audit   'has-proto': [ '1.2.0' ],
199 silly audit   'has-symbols': [ '1.1.0' ],
199 silly audit   'has-tostringtag': [ '1.0.2' ],
199 silly audit   hasown: [ '2.0.2' ],
199 silly audit   he: [ '1.2.0' ],
199 silly audit   hoopy: [ '0.1.4' ],
199 silly audit   'hpack.js': [ '2.1.6' ],
199 silly audit   isarray: [ '1.0.0', '2.0.5' ],
199 silly audit   'readable-stream': [ '2.3.8', '3.6.2' ],
199 silly audit   'safe-buffer': [ '5.1.2', '5.2.1' ],
199 silly audit   string_decoder: [ '1.1.1', '1.3.0' ],
199 silly audit   'html-encoding-sniffer': [ '2.0.1' ],
199 silly audit   'html-entities': [ '2.6.0' ],
199 silly audit   'html-escaper': [ '2.0.2' ],
199 silly audit   'html-minifier-terser': [ '6.1.0' ],
199 silly audit   'html-webpack-plugin': [ '5.6.3' ],
199 silly audit   html2canvas: [ '1.4.1' ],
199 silly audit   htmlparser2: [ '6.1.0' ],
199 silly audit   'http-deceiver': [ '1.2.7' ],
199 silly audit   'http-errors': [ '2.0.0', '1.6.3' ],
199 silly audit   'http-parser-js': [ '0.5.10' ],
199 silly audit   'http-proxy': [ '1.18.1' ],
199 silly audit   'http-proxy-agent': [ '4.0.1' ],
199 silly audit   'http-proxy-middleware': [ '2.0.9' ],
199 silly audit   'https-proxy-agent': [ '5.0.1' ],
199 silly audit   'human-signals': [ '2.1.0' ],
199 silly audit   'icss-utils': [ '5.1.0' ],
199 silly audit   idb: [ '7.1.1' ],
199 silly audit   'identity-obj-proxy': [ '3.0.0' ],
199 silly audit   ignore: [ '5.3.2' ],
199 silly audit   immer: [ '9.0.21' ],
199 silly audit   'import-fresh': [ '3.3.1' ],
199 silly audit   'resolve-from': [ '4.0.0', '5.0.0' ],
199 silly audit   'import-local': [ '3.2.0' ],
199 silly audit   imurmurhash: [ '0.1.4' ],
199 silly audit   inflight: [ '1.0.6' ],
199 silly audit   inherits: [ '2.0.4', '2.0.3' ],
199 silly audit   ini: [ '1.3.8' ],
199 silly audit   'internal-slot': [ '1.1.0' ],
199 silly audit   'ipaddr.js': [ '2.2.0', '1.9.1' ],
199 silly audit   'is-array-buffer': [ '3.0.5' ],
199 silly audit   'is-arrayish': [ '0.2.1' ],
199 silly audit   'is-async-function': [ '2.1.1' ],
199 silly audit   'is-bigint': [ '1.1.0' ],
199 silly audit   'is-binary-path': [ '2.1.0' ],
199 silly audit   'is-boolean-object': [ '1.2.2' ],
199 silly audit   'is-callable': [ '1.2.7' ],
199 silly audit   'is-core-module': [ '2.16.1' ],
199 silly audit   'is-data-view': [ '1.0.2' ],
199 silly audit   'is-date-object': [ '1.1.0' ],
199 silly audit   'is-docker': [ '2.2.1', '3.0.0' ],
199 silly audit   'is-extglob': [ '2.1.1' ],
199 silly audit   'is-finalizationregistry': [ '1.1.1' ],
199 silly audit   'is-fullwidth-code-point': [ '3.0.0' ],
199 silly audit   'is-generator-fn': [ '2.1.0' ],
199 silly audit   'is-generator-function': [ '1.1.0' ],
199 silly audit   'is-glob': [ '4.0.3' ],
199 silly audit   'is-map': [ '2.0.3' ],
199 silly audit   'is-module': [ '1.0.0' ],
199 silly audit   'is-negative-zero': [ '2.0.3' ],
199 silly audit   'is-number': [ '7.0.0' ],
199 silly audit   'is-number-object': [ '1.1.1' ],
199 silly audit   'is-obj': [ '1.0.1' ],
199 silly audit   'is-path-inside': [ '3.0.3' ],
199 silly audit   'is-plain-obj': [ '3.0.0' ],
199 silly audit   'is-potential-custom-element-name': [ '1.0.1' ],
199 silly audit   'is-regex': [ '1.2.1' ],
199 silly audit   'is-regexp': [ '1.0.0' ],
199 silly audit   'is-root': [ '2.1.0' ],
199 silly audit   'is-set': [ '2.0.3' ],
199 silly audit   'is-shared-array-buffer': [ '1.0.4' ],
199 silly audit   'is-stream': [ '2.0.1' ],
199 silly audit   'is-string': [ '1.1.1' ],
199 silly audit   'is-symbol': [ '1.1.1' ],
199 silly audit   'is-typed-array': [ '1.1.15' ],
199 silly audit   'is-typedarray': [ '1.0.0' ],
199 silly audit   'is-weakmap': [ '2.0.2' ],
199 silly audit   'is-weakref': [ '1.1.1' ],
199 silly audit   'is-weakset': [ '2.0.4' ],
199 silly audit   'is-wsl': [ '2.2.0', '3.1.0' ],
199 silly audit   isexe: [ '2.0.0' ],
199 silly audit   'istanbul-lib-coverage': [ '3.2.2' ],
199 silly audit   'istanbul-lib-instrument': [ '5.2.1' ],
199 silly audit   'istanbul-lib-report': [ '3.0.1' ],
199 silly audit   'make-dir': [ '4.0.0', '3.1.0' ],
199 silly audit   'istanbul-lib-source-maps': [ '4.0.1' ],
199 silly audit   'istanbul-reports': [ '3.1.7' ],
199 silly audit   'iterator.prototype': [ '1.1.5' ],
199 silly audit   jackspeak: [ '3.4.3' ],
199 silly audit   jake: [ '10.9.2' ],
199 silly audit   jest: [ '27.5.1' ],
199 silly audit   'jest-changed-files': [ '27.5.1' ],
199 silly audit   'jest-circus': [ '27.5.1' ],
199 silly audit   'jest-cli': [ '27.5.1' ],
199 silly audit   'jest-config': [ '27.5.1' ],
199 silly audit   'jest-diff': [ '27.5.1' ],
199 silly audit   'jest-docblock': [ '27.5.1' ],
199 silly audit   'jest-each': [ '27.5.1' ],
199 silly audit   'jest-environment-jsdom': [ '27.5.1' ],
199 silly audit   'jest-environment-node': [ '27.5.1' ],
199 silly audit   'jest-get-type': [ '27.5.1' ],
199 silly audit   'jest-haste-map': [ '27.5.1' ],
199 silly audit   'jest-jasmine2': [ '27.5.1' ],
199 silly audit   'jest-leak-detector': [ '27.5.1' ],
199 silly audit   'jest-matcher-utils': [ '27.5.1' ],
199 silly audit   'jest-message-util': [ '27.5.1', '28.1.3' ],
199 silly audit   'jest-mock': [ '27.5.1' ],
199 silly audit   'jest-pnp-resolver': [ '1.2.3' ],
199 silly audit   'jest-regex-util': [ '27.5.1', '28.0.2' ],
199 silly audit   'jest-resolve': [ '27.5.1' ],
199 silly audit   'jest-resolve-dependencies': [ '27.5.1' ],
199 silly audit   'jest-runner': [ '27.5.1' ],
199 silly audit   'jest-runtime': [ '27.5.1' ],
199 silly audit   'jest-serializer': [ '27.5.1' ],
199 silly audit   'jest-snapshot': [ '27.5.1' ],
199 silly audit   'jest-util': [ '27.5.1', '28.1.3' ],
199 silly audit   'jest-validate': [ '27.5.1' ],
199 silly audit   'jest-watch-typeahead': [ '1.1.0' ],
199 silly audit   slash: [ '3.0.0', '4.0.0' ],
199 silly audit   'jest-watcher': [ '28.1.3', '27.5.1' ],
199 silly audit   'string-length': [ '4.0.2', '5.0.1' ],
199 silly audit   'pretty-format': [ '28.1.3', '27.5.1' ],
199 silly audit   'react-is': [ '18.3.1', '17.0.2', '16.13.1' ],
199 silly audit   jiti: [ '1.21.7' ],
199 silly audit   'js-tokens': [ '4.0.0' ],
199 silly audit   jsdom: [ '16.7.0' ],
199 silly audit   jsesc: [ '3.1.0', '3.0.2' ],
199 silly audit   'json-buffer': [ '3.0.1' ],
199 silly audit   'json-parse-even-better-errors': [ '2.3.1' ],
199 silly audit   'json-schema': [ '0.4.0' ],
199 silly audit   'json-stable-stringify-without-jsonify': [ '1.0.1' ],
199 silly audit   json5: [ '2.2.3', '1.0.2' ],
199 silly audit   jsonfile: [ '6.1.0' ],
199 silly audit   jsonpath: [ '1.1.1' ],
199 silly audit   jsonpointer: [ '5.0.1' ],
199 silly audit   'jsx-ast-utils': [ '3.3.5' ],
199 silly audit   keyv: [ '4.5.4' ],
199 silly audit   'kind-of': [ '6.0.3' ],
199 silly audit   kleur: [ '3.0.3' ],
199 silly audit   klona: [ '2.0.6' ],
199 silly audit   'language-subtag-registry': [ '0.3.23' ],
199 silly audit   'language-tags': [ '1.0.9' ],
199 silly audit   'launch-editor': [ '2.10.0' ],
199 silly audit   leven: [ '3.1.0' ],
199 silly audit   levn: [ '0.4.1', '0.3.0' ],
199 silly audit   lilconfig: [ '2.1.0', '3.1.3' ],
199 silly audit   'lines-and-columns': [ '1.2.4' ],
199 silly audit   'loader-runner': [ '4.3.0' ],
199 silly audit   'loader-utils': [ '2.0.4', '3.3.1' ],
199 silly audit   lodash: [ '4.17.21' ],
199 silly audit   'lodash.debounce': [ '4.0.8' ],
199 silly audit   'lodash.memoize': [ '4.1.2' ],
199 silly audit   'lodash.merge': [ '4.6.2' ],
199 silly audit   'lodash.sortby': [ '4.7.0' ],
199 silly audit   'lodash.uniq': [ '4.5.0' ],
199 silly audit   'loose-envify': [ '1.4.0' ],
199 silly audit   'lower-case': [ '2.0.2' ],
199 silly audit   'lru-cache': [ '5.1.1', '10.4.3' ],
199 silly audit   'magic-string': [ '0.25.9' ],
199 silly audit   makeerror: [ '1.0.12' ],
199 silly audit   'math-intrinsics': [ '1.1.0' ],
199 silly audit   'media-typer': [ '0.3.0' ],
199 silly audit   memfs: [ '3.5.3', '4.36.0' ],
199 silly audit   'merge-descriptors': [ '1.0.3' ],
199 silly audit   'merge-stream': [ '2.0.0' ],
199 silly audit   merge2: [ '1.4.1' ],
199 silly audit   methods: [ '1.1.2' ],
199 silly audit   micromatch: [ '4.0.8' ],
199 silly audit   mime: [ '1.6.0' ],
199 silly audit   'mime-db': [ '1.52.0' ],
199 silly audit   'mime-types': [ '2.1.35' ],
199 silly audit   'mimic-fn': [ '2.1.0' ],
199 silly audit   'mini-css-extract-plugin': [ '2.9.2' ],
199 silly audit   'minimalistic-assert': [ '1.0.1' ],
199 silly audit   minimist: [ '1.2.8' ],
199 silly audit   minipass: [ '7.1.2' ],
199 silly audit   mkdirp: [ '0.5.6' ],
199 silly audit   'multicast-dns': [ '7.2.5' ],
199 silly audit   mz: [ '2.7.0' ],
199 silly audit   nanoid: [ '3.3.11' ],
199 silly audit   'natural-compare': [ '1.4.0' ],
199 silly audit   'natural-compare-lite': [ '1.4.0' ],
199 silly audit   'neo-async': [ '2.6.2' ],
199 silly audit   'no-case': [ '3.0.4' ],
199 silly audit   'node-forge': [ '1.3.1' ],
199 silly audit   'node-int64': [ '0.4.0' ],
199 silly audit   'node-releases': [ '2.0.19' ],
199 silly audit   'normalize-path': [ '3.0.0' ],
199 silly audit   'normalize-range': [ '0.1.2' ],
199 silly audit   'normalize-url': [ '6.1.0' ],
199 silly audit   'normalize-wheel': [ '1.0.1' ],
199 silly audit   'npm-run-path': [ '4.0.1' ],
199 silly audit   'nth-check': [ '2.1.1' ],
199 silly audit   nwsapi: [ '2.2.20' ],
199 silly audit   'object-assign': [ '4.1.1' ],
199 silly audit   'object-hash': [ '3.0.0' ],
199 silly audit   'object-inspect': [ '1.13.4' ],
199 silly audit   'object-keys': [ '1.1.1' ],
199 silly audit   'object.assign': [ '4.1.7' ],
199 silly audit   'object.entries': [ '1.1.9' ],
199 silly audit   'object.fromentries': [ '2.0.8' ],
199 silly audit   'object.getownpropertydescriptors': [ '2.1.8' ],
199 silly audit   'object.groupby': [ '1.0.3' ],
199 silly audit   'object.values': [ '1.2.1' ],
199 silly audit   obuf: [ '1.1.2' ],
199 silly audit   'on-finished': [ '2.4.1' ],
199 silly audit   'on-headers': [ '1.1.0' ],
199 silly audit   once: [ '1.4.0' ],
199 silly audit   onetime: [ '5.1.2' ],
199 silly audit   open: [ '8.4.2', '10.2.0' ],
199 silly audit   optionator: [ '0.9.4', '0.8.3' ],
199 silly audit   'own-keys': [ '1.0.1' ],
199 silly audit   'p-try': [ '2.2.0' ],
199 silly audit   'package-json-from-dist': [ '1.0.1' ],
199 silly audit   'param-case': [ '3.0.4' ],
199 silly audit   'parent-module': [ '1.0.1' ],
199 silly audit   'parse-json': [ '5.2.0' ],
199 silly audit   parse5: [ '6.0.1' ],
199 silly audit   parseurl: [ '1.3.3' ],
199 silly audit   'pascal-case': [ '3.1.2' ],
199 silly audit   'path-exists': [ '4.0.0', '3.0.0' ],
199 silly audit   'path-is-absolute': [ '1.0.1' ],
199 silly audit   'path-key': [ '3.1.1' ],
199 silly audit   'path-parse': [ '1.0.7' ],
199 silly audit   'path-scurry': [ '1.11.1' ],
199 silly audit   'path-to-regexp': [ '0.1.12' ],
199 silly audit   'path-type': [ '4.0.0' ],
199 silly audit   'performance-now': [ '2.1.0' ],
199 silly audit   picocolors: [ '1.1.1' ],
199 silly audit   picomatch: [ '2.3.1' ],
199 silly audit   pify: [ '2.3.0' ],
199 silly audit   pirates: [ '4.0.7' ],
199 silly audit   'pkg-dir': [ '4.2.0' ],
199 silly audit   'pkg-up': [ '3.1.0' ],
199 silly audit   'possible-typed-array-names': [ '1.1.0' ],
199 silly audit   postcss: [ '8.5.6' ],
199 silly audit   'postcss-attribute-case-insensitive': [ '5.0.2' ],
199 silly audit   'postcss-browser-comments': [ '4.0.0' ],
199 silly audit   'postcss-calc': [ '8.2.4' ],
199 silly audit   'postcss-clamp': [ '4.1.0' ],
199 silly audit   'postcss-color-functional-notation': [ '4.2.4' ],
199 silly audit   'postcss-color-hex-alpha': [ '8.0.4' ],
199 silly audit   'postcss-color-rebeccapurple': [ '7.1.1' ],
199 silly audit   'postcss-colormin': [ '5.3.1' ],
199 silly audit   'postcss-convert-values': [ '5.1.3' ],
199 silly audit   'postcss-custom-media': [ '8.0.2' ],
199 silly audit   'postcss-custom-properties': [ '12.1.11' ],
199 silly audit   'postcss-custom-selectors': [ '6.0.3' ],
199 silly audit   'postcss-dir-pseudo-class': [ '6.0.5' ],
199 silly audit   'postcss-discard-comments': [ '5.1.2' ],
199 silly audit   'postcss-discard-duplicates': [ '5.1.0' ],
199 silly audit   'postcss-discard-empty': [ '5.1.1' ],
199 silly audit   'postcss-discard-overridden': [ '5.1.0' ],
199 silly audit   'postcss-double-position-gradients': [ '3.1.2' ],
199 silly audit   'postcss-env-function': [ '4.0.6' ],
199 silly audit   'postcss-flexbugs-fixes': [ '5.0.2' ],
199 silly audit   'postcss-focus-visible': [ '6.0.4' ],
199 silly audit   'postcss-focus-within': [ '5.0.4' ],
199 silly audit   'postcss-font-variant': [ '5.0.0' ],
199 silly audit   'postcss-gap-properties': [ '3.0.5' ],
199 silly audit   'postcss-image-set-function': [ '4.0.7' ],
199 silly audit   'postcss-import': [ '15.1.0' ],
199 silly audit   'postcss-initial': [ '4.0.1' ],
199 silly audit   'postcss-js': [ '4.0.1' ],
199 silly audit   'postcss-lab-function': [ '4.2.1' ],
199 silly audit   'postcss-load-config': [ '4.0.2' ],
199 silly audit   yaml: [ '2.8.0', '1.10.2' ],
199 silly audit   'postcss-loader': [ '6.2.1' ],
199 silly audit   'postcss-logical': [ '5.0.4' ],
199 silly audit   'postcss-media-minmax': [ '5.0.0' ],
199 silly audit   'postcss-merge-longhand': [ '5.1.7' ],
199 silly audit   'postcss-merge-rules': [ '5.1.4' ],
199 silly audit   'postcss-minify-font-values': [ '5.1.0' ],
199 silly audit   'postcss-minify-gradients': [ '5.1.1' ],
199 silly audit   'postcss-minify-params': [ '5.1.4' ],
199 silly audit   'postcss-minify-selectors': [ '5.2.1' ],
199 silly audit   'postcss-modules-extract-imports': [ '3.1.0' ],
199 silly audit   'postcss-modules-local-by-default': [ '4.2.0' ],
199 silly audit   'postcss-selector-parser': [ '7.1.0', '6.1.2' ],
199 silly audit   'postcss-modules-scope': [ '3.2.1' ],
199 silly audit   'postcss-modules-values': [ '4.0.0' ],
199 silly audit   'postcss-nested': [ '6.2.0' ],
199 silly audit   'postcss-nesting': [ '10.2.0' ],
199 silly audit   'postcss-normalize': [ '10.0.1' ],
199 silly audit   'postcss-normalize-charset': [ '5.1.0' ],
199 silly audit   'postcss-normalize-display-values': [ '5.1.0' ],
199 silly audit   'postcss-normalize-positions': [ '5.1.1' ],
199 silly audit   'postcss-normalize-repeat-style': [ '5.1.1' ],
199 silly audit   'postcss-normalize-string': [ '5.1.0' ],
199 silly audit   'postcss-normalize-timing-functions': [ '5.1.0' ],
199 silly audit   'postcss-normalize-unicode': [ '5.1.1' ],
199 silly audit   'postcss-normalize-url': [ '5.1.0' ],
199 silly audit   'postcss-normalize-whitespace': [ '5.1.1' ],
199 silly audit   'postcss-opacity-percentage': [ '1.1.3' ],
199 silly audit   'postcss-ordered-values': [ '5.1.3' ],
199 silly audit   'postcss-overflow-shorthand': [ '3.0.4' ],
199 silly audit   'postcss-page-break': [ '3.0.4' ],
199 silly audit   'postcss-place': [ '7.0.5' ],
199 silly audit   'postcss-preset-env': [ '7.8.3' ],
199 silly audit   'postcss-pseudo-class-any-link': [ '7.1.6' ],
199 silly audit   'postcss-reduce-initial': [ '5.1.2' ],
199 silly audit   'postcss-reduce-transforms': [ '5.1.0' ],
199 silly audit   'postcss-replace-overflow-wrap': [ '4.0.0' ],
199 silly audit   'postcss-selector-not': [ '6.0.1' ],
199 silly audit   'postcss-svgo': [ '5.1.0' ],
199 silly audit   svgo: [ '2.8.0', '1.3.2' ],
199 silly audit   'postcss-unique-selectors': [ '5.1.1' ],
199 silly audit   'postcss-value-parser': [ '4.2.0' ],
199 silly audit   'prelude-ls': [ '1.2.1', '1.1.2' ],
199 silly audit   'pretty-bytes': [ '5.6.0' ],
199 silly audit   'pretty-error': [ '4.0.0' ],
199 silly audit   'process-nextick-args': [ '2.0.1' ],
199 silly audit   promise: [ '8.3.0' ],
199 silly audit   prompts: [ '2.4.2' ],
199 silly audit   'prop-types': [ '15.8.1' ],
199 silly audit   'proxy-addr': [ '2.0.7' ],
199 silly audit   psl: [ '1.15.0' ],
199 silly audit   punycode: [ '2.3.1' ],
199 silly audit   q: [ '1.5.1' ],
199 silly audit   qs: [ '6.13.0' ],
199 silly audit   querystringify: [ '2.2.0' ],
199 silly audit   'queue-microtask': [ '1.2.3' ],
199 silly audit   raf: [ '3.4.1' ],
199 silly audit   randombytes: [ '2.1.0' ],
199 silly audit   'range-parser': [ '1.2.1' ],
199 silly audit   'raw-body': [ '2.5.2' ],
199 silly audit   're-resizable': [ '6.11.2' ],
199 silly audit   react: [ '18.3.1' ],
199 silly audit   'react-app-polyfill': [ '3.0.0' ],
199 silly audit   'react-dev-utils': [ '12.0.1' ],
199 silly audit   'react-dom': [ '18.3.1' ],
199 silly audit   'react-draggable': [ '4.5.0', '4.4.6' ],
199 silly audit   'react-easy-crop': [ '4.7.5' ],
199 silly audit   'react-error-overlay': [ '6.1.0' ],
199 silly audit   'react-refresh': [ '0.11.0' ],
199 silly audit   'react-rnd': [ '10.5.2' ],
199 silly audit   'react-router': [ '7.6.3' ],
199 silly audit   'react-router-dom': [ '7.6.3' ],
199 silly audit   'react-scripts': [ '5.0.1' ],
199 silly audit   'read-cache': [ '1.0.0' ],
199 silly audit   readdirp: [ '3.6.0' ],
199 silly audit   'recursive-readdir': [ '2.2.3' ],
199 silly audit   'reflect.getprototypeof': [ '1.0.10' ],
199 silly audit   regenerate: [ '1.4.2' ],
199 silly audit   'regenerate-unicode-properties': [ '10.2.0' ],
199 silly audit   'regenerator-runtime': [ '0.13.11' ],
199 silly audit   'regex-parser': [ '2.3.1' ],
199 silly audit   'regexp.prototype.flags': [ '1.5.4' ],
199 silly audit   'regexpu-core': [ '6.2.0' ],
199 silly audit   regjsgen: [ '0.8.0' ],
199 silly audit   regjsparser: [ '0.12.0' ],
199 silly audit   relateurl: [ '0.2.7' ],
199 silly audit   renderkid: [ '3.0.0' ],
199 silly audit   'require-directory': [ '2.1.1' ],
199 silly audit   'require-from-string': [ '2.0.2' ],
199 silly audit   'requires-port': [ '1.0.0' ],
199 silly audit   'resolve-cwd': [ '3.0.0' ],
199 silly audit   'resolve-url-loader': [ '4.0.0' ],
199 silly audit   'resolve.exports': [ '1.1.1' ],
199 silly audit   reusify: [ '1.1.0' ],
199 silly audit   rimraf: [ '3.0.2' ],
199 silly audit   rollup: [ '2.79.2' ],
199 silly audit   'rollup-plugin-terser': [ '7.0.2' ],
199 silly audit   'serialize-javascript': [ '4.0.0', '6.0.2' ],
199 silly audit   'run-parallel': [ '1.2.0' ],
199 silly audit   'safe-array-concat': [ '1.1.3' ],
199 silly audit   'safe-push-apply': [ '1.0.0' ],
199 silly audit   'safe-regex-test': [ '1.1.0' ],
199 silly audit   'safer-buffer': [ '2.1.2' ],
199 silly audit   'sanitize.css': [ '13.0.0' ],
199 silly audit   'sass-loader': [ '12.6.0' ],
199 silly audit   sax: [ '1.2.4' ],
199 silly audit   saxes: [ '5.0.1' ],
199 silly audit   scheduler: [ '0.23.2' ],
199 silly audit   'select-hose': [ '2.0.0' ],
199 silly audit   selfsigned: [ '2.4.1' ],
199 silly audit   send: [ '0.19.0' ],
199 silly audit   'serve-index': [ '1.9.1' ],
199 silly audit   setprototypeof: [ '1.1.0', '1.2.0' ],
199 silly audit   statuses: [ '1.5.0', '2.0.1' ],
199 silly audit   'serve-static': [ '1.16.2' ],
199 silly audit   'set-cookie-parser': [ '2.7.1' ],
199 silly audit   'set-function-length': [ '1.2.2' ],
199 silly audit   'set-function-name': [ '2.0.2' ],
199 silly audit   'set-proto': [ '1.0.0' ],
199 silly audit   'shebang-command': [ '2.0.0' ],
199 silly audit   'shebang-regex': [ '3.0.0' ],
199 silly audit   'shell-quote': [ '1.8.3' ],
199 silly audit   'side-channel': [ '1.1.0' ],
199 silly audit   'side-channel-list': [ '1.0.0' ],
199 silly audit   'side-channel-map': [ '1.0.1' ],
199 silly audit   'side-channel-weakmap': [ '1.0.2' ],
199 silly audit   sisteransi: [ '1.0.5' ],
199 silly audit   sockjs: [ '0.3.24' ],
199 silly audit   'source-list-map': [ '2.0.1' ],
199 silly audit   'source-map-js': [ '1.2.1' ],
199 silly audit   'source-map-loader': [ '3.0.2' ],
199 silly audit   'source-map-support': [ '0.5.21' ],
199 silly audit   'sourcemap-codec': [ '1.4.8' ],
199 silly audit   spdy: [ '4.0.2' ],
199 silly audit   'spdy-transport': [ '3.0.0' ],
199 silly audit   'sprintf-js': [ '1.0.3' ],
199 silly audit   stable: [ '0.1.8' ],
199 silly audit   'stack-utils': [ '2.0.6' ],
199 silly audit   stackframe: [ '1.3.4' ],
199 silly audit   'static-eval': [ '2.0.2' ],
199 silly audit   'type-check': [ '0.3.2', '0.4.0' ],
199 silly audit   'stop-iteration-iterator': [ '1.1.0' ],
199 silly audit   'string-natural-compare': [ '3.0.1' ],
199 silly audit   'string.prototype.includes': [ '2.0.1' ],
199 silly audit   'string.prototype.matchall': [ '4.0.12' ],
199 silly audit   'string.prototype.repeat': [ '1.0.0' ],
199 silly audit   'string.prototype.trim': [ '1.2.10' ],
199 silly audit   'string.prototype.trimend': [ '1.0.9' ],
199 silly audit   'string.prototype.trimstart': [ '1.0.8' ],
199 silly audit   'stringify-object': [ '3.3.0' ],
199 silly audit   'strip-bom': [ '4.0.0', '3.0.0' ],
199 silly audit   'strip-comments': [ '2.0.1' ],
199 silly audit   'strip-final-newline': [ '2.0.0' ],
199 silly audit   'strip-json-comments': [ '3.1.1' ],
199 silly audit   'style-loader': [ '3.3.4' ],
199 silly audit   stylehacks: [ '5.1.1' ],
199 silly audit   sucrase: [ '3.35.0' ],
199 silly audit   'supports-hyperlinks': [ '2.3.0' ],
199 silly audit   'supports-preserve-symlinks-flag': [ '1.0.0' ],
199 silly audit   'svg-parser': [ '2.0.4' ],
199 silly audit   'symbol-tree': [ '3.2.4' ],
199 silly audit   tailwindcss: [ '3.4.17' ],
199 silly audit   'temp-dir': [ '2.0.0' ],
199 silly audit   tempy: [ '0.6.0' ],
199 silly audit   'terminal-link': [ '2.1.1' ],
199 silly audit   terser: [ '5.43.1' ],
199 silly audit   'terser-webpack-plugin': [ '5.3.14' ],
199 silly audit   'test-exclude': [ '6.0.0' ],
199 silly audit   'text-segmentation': [ '1.0.3' ],
199 silly audit   'text-table': [ '0.2.0' ],
199 silly audit   thenify: [ '3.3.1' ],
199 silly audit   'thenify-all': [ '1.6.0' ],
199 silly audit   throat: [ '6.0.2' ],
199 silly audit   thunky: [ '1.1.0' ],
199 silly audit   tmpl: [ '1.0.5' ],
199 silly audit   'to-regex-range': [ '5.0.1' ],
199 silly audit   toidentifier: [ '1.0.1' ],
199 silly audit   'tough-cookie': [ '4.1.4' ],
199 silly audit   universalify: [ '0.2.0', '2.0.1' ],
199 silly audit   tr46: [ '2.1.0', '1.0.1' ],
199 silly audit   tryer: [ '1.0.1' ],
199 silly audit   'ts-interface-checker': [ '0.1.13' ],
199 silly audit   'tsconfig-paths': [ '3.15.0' ],
199 silly audit   tsutils: [ '3.21.0' ],
199 silly audit   'type-detect': [ '4.0.8' ],
199 silly audit   'type-is': [ '1.6.18' ],
199 silly audit   'typed-array-buffer': [ '1.0.3' ],
199 silly audit   'typed-array-byte-length': [ '1.0.3' ],
199 silly audit   'typed-array-byte-offset': [ '1.0.4' ],
199 silly audit   'typed-array-length': [ '1.0.7' ],
199 silly audit   'typedarray-to-buffer': [ '3.1.5' ],
199 silly audit   typescript: [ '4.9.5' ],
199 silly audit   'unbox-primitive': [ '1.1.0' ],
199 silly audit   underscore: [ '1.12.1' ],
199 silly audit   'undici-types': [ '7.8.0' ],
199 silly audit   'unicode-canonical-property-names-ecmascript': [ '2.0.1' ],
199 silly audit   'unicode-match-property-ecmascript': [ '2.0.0' ],
199 silly audit   'unicode-match-property-value-ecmascript': [ '2.2.0' ],
199 silly audit   'unicode-property-aliases-ecmascript': [ '2.1.0' ],
199 silly audit   'unique-string': [ '2.0.0' ],
199 silly audit   unpipe: [ '1.0.0' ],
199 silly audit   unquote: [ '1.1.1' ],
199 silly audit   upath: [ '1.2.0' ],
199 silly audit   'update-browserslist-db': [ '1.1.3' ],
199 silly audit   'uri-js': [ '4.4.1' ],
199 silly audit   'url-parse': [ '1.5.10' ],
199 silly audit   'util-deprecate': [ '1.0.2' ],
199 silly audit   'util.promisify': [ '1.0.1' ],
199 silly audit   utila: [ '0.4.0' ],
199 silly audit   'utils-merge': [ '1.0.1' ],
199 silly audit   utrie: [ '1.0.2' ],
199 silly audit   uuid: [ '8.3.2' ],
199 silly audit   'v8-to-istanbul': [ '8.1.1' ],
199 silly audit   vary: [ '1.1.2' ],
199 silly audit   'w3c-hr-time': [ '1.0.2' ],
199 silly audit   'w3c-xmlserializer': [ '2.0.0' ],
199 silly audit   walker: [ '1.0.8' ],
199 silly audit   watchpack: [ '2.4.4' ],
199 silly audit   wbuf: [ '1.7.3' ],
199 silly audit   webpack: [ '5.99.9' ],
199 silly audit   ws: [ '7.5.10', '8.18.3' ],
199 silly audit   'webpack-manifest-plugin': [ '4.1.1' ],
199 silly audit   'webpack-sources': [ '2.3.1', '3.3.3', '1.4.3' ],
199 silly audit   'websocket-driver': [ '0.7.4' ],
199 silly audit   'websocket-extensions': [ '0.1.4' ],
199 silly audit   'whatwg-encoding': [ '1.0.5' ],
199 silly audit   'whatwg-fetch': [ '3.6.20' ],
199 silly audit   'whatwg-mimetype': [ '2.3.0' ],
199 silly audit   'whatwg-url': [ '8.7.0', '7.1.0' ],
199 silly audit   'which-boxed-primitive': [ '1.1.1' ],
199 silly audit   'which-builtin-type': [ '1.2.1' ],
199 silly audit   'which-collection': [ '1.0.2' ],
199 silly audit   'which-typed-array': [ '1.1.19' ],
199 silly audit   'word-wrap': [ '1.2.5' ],
199 silly audit   'workbox-background-sync': [ '6.6.0' ],
199 silly audit   'workbox-broadcast-update': [ '6.6.0' ],
199 silly audit   'workbox-build': [ '6.6.0' ],
199 silly audit   '@apideck/better-ajv-errors': [ '0.3.6' ],
199 silly audit   'workbox-cacheable-response': [ '6.6.0' ],
199 silly audit   'workbox-core': [ '6.6.0' ],
199 silly audit   'workbox-expiration': [ '6.6.0' ],
199 silly audit   'workbox-google-analytics': [ '6.6.0' ],
199 silly audit   'workbox-navigation-preload': [ '6.6.0' ],
199 silly audit   'workbox-precaching': [ '6.6.0' ],
199 silly audit   'workbox-range-requests': [ '6.6.0' ],
199 silly audit   'workbox-recipes': [ '6.6.0' ],
199 silly audit   'workbox-routing': [ '6.6.0' ],
199 silly audit   'workbox-strategies': [ '6.6.0' ],
199 silly audit   'workbox-streams': [ '6.6.0' ],
199 silly audit   'workbox-sw': [ '6.6.0' ],
199 silly audit   'workbox-webpack-plugin': [ '6.6.0' ],
199 silly audit   'workbox-window': [ '6.6.0' ],
199 silly audit   wrappy: [ '1.0.2' ],
199 silly audit   'write-file-atomic': [ '3.0.3' ],
199 silly audit   'xml-name-validator': [ '3.0.0' ],
199 silly audit   xmlchars: [ '2.2.0' ],
199 silly audit   y18n: [ '5.0.8' ],
199 silly audit   yallist: [ '3.1.1' ],
199 silly audit   yargs: [ '16.2.0' ],
199 silly audit   'yargs-parser': [ '20.2.9' ],
199 silly audit   'yocto-queue': [ '0.1.0' ],
199 silly audit   'webpack-dev-server': [ '5.2.2' ],
199 silly audit   colorette: [ '2.0.20' ],
199 silly audit   'p-retry': [ '6.2.1' ],
199 silly audit   'webpack-dev-middleware': [ '7.4.2' ],
199 silly audit   '@types/retry': [ '0.12.2' ],
199 silly audit   'is-network-error': [ '1.1.0' ],
199 silly audit   retry: [ '0.13.1' ],
199 silly audit   '@jsonjoy.com/json-pack': [ '1.8.0' ],
199 silly audit   '@jsonjoy.com/util': [ '1.9.0' ],
199 silly audit   'tree-dump': [ '1.0.3' ],
199 silly audit   '@jsonjoy.com/base64': [ '1.1.2' ],
199 silly audit   '@jsonjoy.com/json-pointer': [ '1.0.1' ],
199 silly audit   hyperdyperid: [ '1.2.0' ],
199 silly audit   thingies: [ '1.21.0' ],
199 silly audit   '@jsonjoy.com/buffers': [ '1.0.0' ],
199 silly audit   '@jsonjoy.com/codegen': [ '1.0.0' ],
199 silly audit   'default-browser': [ '5.2.1' ],
199 silly audit   'is-inside-container': [ '1.0.0' ],
199 silly audit   'wsl-utils': [ '0.1.0' ],
199 silly audit   'bundle-name': [ '4.1.0' ],
199 silly audit   'default-browser-id': [ '5.0.0' ],
199 silly audit   'run-applescript': [ '7.0.0' ]
199 silly audit }
200 verbose reify failed optional dependency C:\Users\kolag\Downloads\wall-frame-full-project\frontend\node_modules\fsevents
201 silly reify mark deleted [
201 silly reify   'C:\\Users\\kolag\\Downloads\\wall-frame-full-project\\frontend\\node_modules\\fsevents'
201 silly reify ]
202 http cache @jsonjoy.com/codegen@https://registry.npmjs.org/@jsonjoy.com/codegen/-/codegen-1.0.0.tgz 0ms (cache hit)
203 http cache @jsonjoy.com/json-pointer@https://registry.npmjs.org/@jsonjoy.com/json-pointer/-/json-pointer-1.0.1.tgz 0ms (cache hit)
204 http cache @jsonjoy.com/buffers@https://registry.npmjs.org/@jsonjoy.com/buffers/-/buffers-1.0.0.tgz 0ms (cache hit)
205 http cache @types/retry@https://registry.npmjs.org/@types/retry/-/retry-0.12.2.tgz 0ms (cache hit)
206 http cache wsl-utils@https://registry.npmjs.org/wsl-utils/-/wsl-utils-0.1.0.tgz 0ms (cache hit)
207 http cache webpack-dev-middleware@https://registry.npmjs.org/webpack-dev-middleware/-/webpack-dev-middleware-7.4.2.tgz 0ms (cache hit)
208 http cache tree-dump@https://registry.npmjs.org/tree-dump/-/tree-dump-1.0.3.tgz 0ms (cache hit)
209 http cache webpack-dev-server@https://registry.npmjs.org/webpack-dev-server/-/webpack-dev-server-5.2.2.tgz 0ms (cache hit)
210 http cache thingies@https://registry.npmjs.org/thingies/-/thingies-1.21.0.tgz 0ms (cache hit)
211 http cache p-retry@https://registry.npmjs.org/p-retry/-/p-retry-6.2.1.tgz 0ms (cache hit)
212 http cache run-applescript@https://registry.npmjs.org/run-applescript/-/run-applescript-7.0.0.tgz 0ms (cache hit)
213 http cache is-network-error@https://registry.npmjs.org/is-network-error/-/is-network-error-1.1.0.tgz 0ms (cache hit)
214 http cache is-inside-container@https://registry.npmjs.org/is-inside-container/-/is-inside-container-1.0.0.tgz 0ms (cache hit)
215 http cache @jsonjoy.com/util@https://registry.npmjs.org/@jsonjoy.com/util/-/util-1.9.0.tgz 0ms (cache hit)
216 http cache @jsonjoy.com/base64@https://registry.npmjs.org/@jsonjoy.com/base64/-/base64-1.1.2.tgz 0ms (cache hit)
217 http cache @jsonjoy.com/json-pack@https://registry.npmjs.org/@jsonjoy.com/json-pack/-/json-pack-1.8.0.tgz 0ms (cache hit)
218 http cache is-wsl@https://registry.npmjs.org/is-wsl/-/is-wsl-3.1.0.tgz 0ms (cache hit)
219 http cache default-browser-id@https://registry.npmjs.org/default-browser-id/-/default-browser-id-5.0.0.tgz 0ms (cache hit)
220 http cache hyperdyperid@https://registry.npmjs.org/hyperdyperid/-/hyperdyperid-1.2.0.tgz 0ms (cache hit)
221 http cache bundle-name@https://registry.npmjs.org/bundle-name/-/bundle-name-4.1.0.tgz 0ms (cache hit)
222 http cache default-browser@https://registry.npmjs.org/default-browser/-/default-browser-5.2.1.tgz 0ms (cache hit)
223 http cache memfs@https://registry.npmjs.org/memfs/-/memfs-4.36.0.tgz 0ms (cache hit)
224 http cache is-docker@https://registry.npmjs.org/is-docker/-/is-docker-3.0.0.tgz 0ms (cache hit)
225 http cache @types/express-serve-static-core@https://registry.npmjs.org/@types/express-serve-static-core/-/express-serve-static-core-4.19.6.tgz 0ms (cache hit)
226 http cache define-lazy-prop@https://registry.npmjs.org/define-lazy-prop/-/define-lazy-prop-3.0.0.tgz 0ms (cache hit)
227 silly tarball no local data for @jsonjoy.com/codegen@https://registry.npmjs.org/@jsonjoy.com/codegen/-/codegen-1.0.0.tgz. Extracting by manifest.
228 silly tarball no local data for @jsonjoy.com/json-pointer@https://registry.npmjs.org/@jsonjoy.com/json-pointer/-/json-pointer-1.0.1.tgz. Extracting by manifest.
229 http cache open@https://registry.npmjs.org/open/-/open-10.2.0.tgz 0ms (cache hit)
230 silly tarball no local data for @jsonjoy.com/buffers@https://registry.npmjs.org/@jsonjoy.com/buffers/-/buffers-1.0.0.tgz. Extracting by manifest.
231 silly tarball no local data for @types/retry@https://registry.npmjs.org/@types/retry/-/retry-0.12.2.tgz. Extracting by manifest.
232 silly tarball no local data for wsl-utils@https://registry.npmjs.org/wsl-utils/-/wsl-utils-0.1.0.tgz. Extracting by manifest.
233 silly tarball no local data for webpack-dev-middleware@https://registry.npmjs.org/webpack-dev-middleware/-/webpack-dev-middleware-7.4.2.tgz. Extracting by manifest.
234 silly tarball no local data for tree-dump@https://registry.npmjs.org/tree-dump/-/tree-dump-1.0.3.tgz. Extracting by manifest.
235 silly tarball no local data for webpack-dev-server@https://registry.npmjs.org/webpack-dev-server/-/webpack-dev-server-5.2.2.tgz. Extracting by manifest.
236 silly tarball no local data for thingies@https://registry.npmjs.org/thingies/-/thingies-1.21.0.tgz. Extracting by manifest.
237 silly tarball no local data for p-retry@https://registry.npmjs.org/p-retry/-/p-retry-6.2.1.tgz. Extracting by manifest.
238 silly tarball no local data for run-applescript@https://registry.npmjs.org/run-applescript/-/run-applescript-7.0.0.tgz. Extracting by manifest.
239 silly tarball no local data for is-network-error@https://registry.npmjs.org/is-network-error/-/is-network-error-1.1.0.tgz. Extracting by manifest.
240 silly tarball no local data for is-inside-container@https://registry.npmjs.org/is-inside-container/-/is-inside-container-1.0.0.tgz. Extracting by manifest.
241 silly tarball no local data for @jsonjoy.com/util@https://registry.npmjs.org/@jsonjoy.com/util/-/util-1.9.0.tgz. Extracting by manifest.
242 silly tarball no local data for @jsonjoy.com/base64@https://registry.npmjs.org/@jsonjoy.com/base64/-/base64-1.1.2.tgz. Extracting by manifest.
243 silly tarball no local data for @jsonjoy.com/json-pack@https://registry.npmjs.org/@jsonjoy.com/json-pack/-/json-pack-1.8.0.tgz. Extracting by manifest.
244 silly tarball no local data for is-wsl@https://registry.npmjs.org/is-wsl/-/is-wsl-3.1.0.tgz. Extracting by manifest.
245 silly tarball no local data for default-browser-id@https://registry.npmjs.org/default-browser-id/-/default-browser-id-5.0.0.tgz. Extracting by manifest.
246 silly tarball no local data for hyperdyperid@https://registry.npmjs.org/hyperdyperid/-/hyperdyperid-1.2.0.tgz. Extracting by manifest.
247 silly tarball no local data for bundle-name@https://registry.npmjs.org/bundle-name/-/bundle-name-4.1.0.tgz. Extracting by manifest.
248 silly tarball no local data for default-browser@https://registry.npmjs.org/default-browser/-/default-browser-5.2.1.tgz. Extracting by manifest.
249 silly tarball no local data for memfs@https://registry.npmjs.org/memfs/-/memfs-4.36.0.tgz. Extracting by manifest.
250 silly tarball no local data for is-docker@https://registry.npmjs.org/is-docker/-/is-docker-3.0.0.tgz. Extracting by manifest.
251 silly tarball no local data for @types/express-serve-static-core@https://registry.npmjs.org/@types/express-serve-static-core/-/express-serve-static-core-4.19.6.tgz. Extracting by manifest.
252 silly tarball no local data for define-lazy-prop@https://registry.npmjs.org/define-lazy-prop/-/define-lazy-prop-3.0.0.tgz. Extracting by manifest.
253 silly tarball no local data for open@https://registry.npmjs.org/open/-/open-10.2.0.tgz. Extracting by manifest.
254 http fetch GET 200 https://registry.npmjs.org/@jsonjoy.com/codegen/-/codegen-1.0.0.tgz 152ms (cache miss)
255 http fetch GET 200 https://registry.npmjs.org/wsl-utils/-/wsl-utils-0.1.0.tgz 151ms (cache miss)
256 http fetch GET 200 https://registry.npmjs.org/@types/retry/-/retry-0.12.2.tgz 158ms (cache miss)
257 http fetch GET 200 https://registry.npmjs.org/is-network-error/-/is-network-error-1.1.0.tgz 196ms (cache miss)
258 http fetch GET 200 https://registry.npmjs.org/is-wsl/-/is-wsl-3.1.0.tgz 212ms (cache miss)
259 http fetch GET 200 https://registry.npmjs.org/default-browser-id/-/default-browser-id-5.0.0.tgz 225ms (cache miss)
260 http fetch GET 200 https://registry.npmjs.org/bundle-name/-/bundle-name-4.1.0.tgz 227ms (cache miss)
261 http fetch GET 200 https://registry.npmjs.org/default-browser/-/default-browser-5.2.1.tgz 228ms (cache miss)
262 http fetch GET 200 https://registry.npmjs.org/run-applescript/-/run-applescript-7.0.0.tgz 232ms (cache miss)
263 http fetch GET 200 https://registry.npmjs.org/p-retry/-/p-retry-6.2.1.tgz 240ms (cache miss)
264 http fetch GET 200 https://registry.npmjs.org/is-inside-container/-/is-inside-container-1.0.0.tgz 241ms (cache miss)
265 http fetch GET 200 https://registry.npmjs.org/is-docker/-/is-docker-3.0.0.tgz 248ms (cache miss)
266 http fetch GET 200 https://registry.npmjs.org/define-lazy-prop/-/define-lazy-prop-3.0.0.tgz 254ms (cache miss)
267 http fetch GET 200 https://registry.npmjs.org/@types/express-serve-static-core/-/express-serve-static-core-4.19.6.tgz 261ms (cache miss)
268 http fetch GET 200 https://registry.npmjs.org/tree-dump/-/tree-dump-1.0.3.tgz 273ms (cache miss)
269 http fetch GET 200 https://registry.npmjs.org/open/-/open-10.2.0.tgz 280ms (cache miss)
270 http fetch POST 200 https://registry.npmjs.org/-/npm/v1/security/advisories/bulk 312ms
271 silly audit report {}
272 http fetch GET 200 https://registry.npmjs.org/webpack-dev-middleware/-/webpack-dev-middleware-7.4.2.tgz 327ms (cache miss)
273 http fetch GET 200 https://registry.npmjs.org/@jsonjoy.com/json-pointer/-/json-pointer-1.0.1.tgz 333ms (cache miss)
274 http fetch GET 200 https://registry.npmjs.org/hyperdyperid/-/hyperdyperid-1.2.0.tgz 337ms (cache miss)
275 http fetch GET 200 https://registry.npmjs.org/@jsonjoy.com/base64/-/base64-1.1.2.tgz 366ms (cache miss)
276 http fetch GET 200 https://registry.npmjs.org/webpack-dev-server/-/webpack-dev-server-5.2.2.tgz 372ms (cache miss)
277 http fetch GET 200 https://registry.npmjs.org/@jsonjoy.com/buffers/-/buffers-1.0.0.tgz 508ms (cache miss)
278 http fetch GET 200 https://registry.npmjs.org/thingies/-/thingies-1.21.0.tgz 553ms (cache miss)
279 http fetch GET 200 https://registry.npmjs.org/@jsonjoy.com/util/-/util-1.9.0.tgz 697ms (cache miss)
280 http fetch GET 200 https://registry.npmjs.org/@jsonjoy.com/json-pack/-/json-pack-1.8.0.tgz 697ms (cache miss)
281 http fetch GET 200 https://registry.npmjs.org/memfs/-/memfs-4.36.0.tgz 746ms (cache miss)
282 silly ADD node_modules/@jsonjoy.com/codegen
283 silly ADD node_modules/@jsonjoy.com/buffers
284 silly ADD node_modules/@jsonjoy.com/json-pointer
285 silly ADD
286 silly CHANGE node_modules/@types/retry
287 silly CHANGE node_modules/@jsonjoy.com/util
288 silly CHANGE node_modules/@jsonjoy.com/json-pack
289 silly CHANGE node_modules/@jsonjoy.com/base64
290 silly CHANGE node_modules/wsl-utils
291 silly CHANGE node_modules/wsl-utils/node_modules/is-wsl
292 silly CHANGE node_modules/webpack-dev-server
293 silly CHANGE node_modules/webpack-dev-server/node_modules/@types/express-serve-static-core
294 silly CHANGE node_modules/webpack-dev-server/node_modules/define-lazy-prop
295 silly CHANGE node_modules/webpack-dev-server/node_modules/open
296 silly CHANGE node_modules/webpack-dev-middleware
297 silly CHANGE node_modules/webpack-dev-middleware/node_modules/memfs
298 silly CHANGE node_modules/tree-dump
299 silly CHANGE node_modules/thingies
300 silly CHANGE node_modules/run-applescript
301 silly CHANGE node_modules/p-retry
302 silly CHANGE node_modules/is-inside-container
303 silly CHANGE node_modules/is-inside-container/node_modules/is-docker
304 silly CHANGE node_modules/is-network-error
305 silly CHANGE node_modules/hyperdyperid
306 silly CHANGE node_modules/default-browser
307 silly CHANGE node_modules/default-browser-id
308 silly CHANGE node_modules/bundle-name
309 verbose cwd C:\Users\kolag\Downloads\wall-frame-full-project\frontend
310 verbose os Windows_NT 10.0.26100
311 verbose node v22.17.0
312 verbose npm  v10.9.2
313 verbose exit 0
314 info ok
