0 verbose cli C:\Program Files\nodejs\node.exe C:\Program Files\nodejs\node_modules\npm\bin\npm-cli.js
1 info using npm@10.9.2
2 info using node@v22.17.0
3 silly config load:file:C:\Program Files\nodejs\node_modules\npm\npmrc
4 silly config load:file:C:\Users\kolag\Downloads\wall-frame-full-project\frontend\.npmrc
5 silly config load:file:C:\Users\kolag\.npmrc
6 silly config load:file:C:\Users\kolag\AppData\Roaming\npm\etc\npmrc
7 verbose title npm ls react
8 verbose argv "ls" "react"
9 verbose logfile logs-max:10 dir:C:\Users\kolag\Downloads\wall-frame-full-project\frontend\.npm-cache\_logs\2025-08-05T11_08_49_060Z-
10 verbose logfile C:\Users\kolag\Downloads\wall-frame-full-project\frontend\.npm-cache\_logs\2025-08-05T11_08_49_060Z-debug-0.log
11 silly logfile done cleaning log files
12 silly packumentCache heap:2197815296 maxSize:549453824 maxEntrySize:274726912
13 verbose shrinkwrap failed to load node_modules/.package-lock.json out of date, updated: node_modules
14 verbose cwd C:\Users\kolag\Downloads\wall-frame-full-project\frontend
15 verbose os Windows_NT 10.0.26100
16 verbose node v22.17.0
17 verbose npm  v10.9.2
18 verbose exit 0
19 info ok
